0.522953 black win rate, 11x11 board  50000000 samples

18917 39925 62106 85715 109323 133951 157081 180510 207277 242565 310687 
 35311 72772 109673 148302 187121 223378 258354 290321 322160 337921 206563 
  48145 99640 149497 198853 245787 288253 323931 348339 351270 294342 155152 
   60111 124449 185632 244567 295557 335401 361583 364144 330039 246528 124481 
    72758 149612 222146 285674 336566 364474 372750 350364 295268 208434 103588 
     86346 177059 258312 321892 361854 375459 362982 323050 258374 176822 87052 
      102942 209354 295555 351747 373471 365102 336198 286178 223137 149276 72684 
       124267 247024 329421 364157 361446 335404 296991 244566 186300 124556 60762 
        155294 292479 349786 349094 323006 288381 246990 199350 149697 99617 47804 
         206434 337431 321599 290731 257964 223207 187210 148804 110209 73318 35366 
          311737 242413 207341 180324 156984 132710 109171 85266 62286 39988 18674 
54.324808 avg black moves (among black wins)

11 0.0000 
12 0.0000 
13 0.0000 
14 0.0000 
15 0.0000 
16 0.0000 
17 0.0000 
18 0.0000 
19 0.0000 
20 0.0000 
21 0.0000 
22 0.0000 
23 0.0000 
24 0.0000 
25 0.0000 
26 0.0000 
27 0.0000 
28 0.0000 
29 0.0001 
30 0.0001 
31 0.0002 
32 0.0002 
33 0.0003 
34 0.0004 
35 0.0006 
36 0.0009 
37 0.0012 
38 0.0016 
39 0.0021 
40 0.0027 
41 0.0035 
42 0.0044 
43 0.0056 
44 0.0069 
45 0.0086 
46 0.0104 
47 0.0125 
48 0.0149 
49 0.0175 
50 0.0204 
51 0.0233 
52 0.0265 
53 0.0297 
54 0.0329 
55 0.0359 
56 0.0387 
57 0.0412 
58 0.0432 
59 0.0447 
60 0.0457 
61 0.0460 
62 0.0000 
63 0.0000 
64 0.0000 
65 0.0000 
66 0.0000 
67 0.0000 
68 0.0000 
69 0.0000 
70 0.0000 
71 0.0000 
72 0.0000 
73 0.0000 
74 0.0000 
75 0.0000 
76 0.0000 
77 0.0000 
78 0.0000 
79 0.0000 
80 0.0000 
81 0.0000 
82 0.0000 
83 0.0000 
84 0.0000 
85 0.0000 
86 0.0000 
87 0.0000 
88 0.0000 
89 0.0000 
90 0.0000 
91 0.0000 
92 0.0000 
93 0.0000 
94 0.0000 
95 0.0000 
96 0.0000 
97 0.0000 
98 0.0000 
99 0.0000 
100 0.0000 
101 0.0000 
102 0.0000 
103 0.0000 
104 0.0000 
105 0.0000 
106 0.0000 
107 0.0000 
108 0.0000 
109 0.0000 
110 0.0000 
111 0.0000 

uni-random game, percent prob. cell is black-win last-move
  38     71     96    120    146    173    206    249    311    413    623   
    80    146    199    249    299    354    419    494    585    675    485   
     124    219    299    371    444    517    591    659    700    643    415   
       171    297    398    489    571    644    703    728    698    581    361   
         219    374    492    591    673    724    747    723    646    516    314   
           268    447    577    671    729    751    730    671    577    446    265   
             314    517    648    723    746    726    672    594    494    374    218   
               361    581    697    728    701    646    572    489    399    298    171   
                 415    644    703    660    591    517    446    373    299    220    125   
                   485    676    589    493    417    354    299    249    199    147     80   
                     621    413    310    249    207    174    145    122     96     71     37   

0.522953 prob. sum
