867254301
123456780
  1 iterations, level 2 has 3 nodes
  4 iterations, level 3 has 5 nodes
  9 iterations, level 4 has 10 nodes
  19 iterations, level 5 has 14 nodes
  33 iterations, level 6 has 28 nodes
  61 iterations, level 7 has 42 nodes
  103 iterations, level 8 has 80 nodes
  183 iterations, level 9 has 108 nodes
  291 iterations, level 10 has 202 nodes
  493 iterations, level 11 has 278 nodes
  771 iterations, level 12 has 524 nodes
  1295 iterations, level 13 has 726 nodes
  2021 iterations, level 14 has 1348 nodes
  3369 iterations, level 15 has 1804 nodes
  5173 iterations, level 16 has 3283 nodes
  8456 iterations, level 17 has 4193 nodes
  12649 iterations, level 18 has 7322 nodes
  19971 iterations, level 19 has 8596 nodes
  28567 iterations, level 20 has 13930 nodes
  42497 iterations, level 21 has 14713 nodes
  57210 iterations, level 22 has 21721 nodes
  78931 iterations, level 23 has 19827 nodes
  98758 iterations, level 24 has 25132 nodes
  123890 iterations, level 25 has 18197 nodes
  142087 iterations, level 26 has 18978 nodes
  161065 iterations, level 27 has 9929 nodes
  170994 iterations, level 28 has 7359 nodes
  178353 iterations, level 29 has 2081 nodes
  180434 iterations, level 30 has 878 nodes
  181312 iterations, level 31 has 126 nodes
found target
 1 2 3
 4 5  
 7 8 6

 1 2 3
 4   5
 7 8 6

 1   3
 4 2 5
 7 8 6

   1 3
 4 2 5
 7 8 6

 4 1 3
   2 5
 7 8 6

 4 1 3
 7 2 5
   8 6

 4 1 3
 7 2 5
 8   6

 4 1 3
 7   5
 8 2 6

 4   3
 7 1 5
 8 2 6

   4 3
 7 1 5
 8 2 6

 7 4 3
   1 5
 8 2 6

 7 4 3
 8 1 5
   2 6

 7 4 3
 8 1 5
 2   6

 7 4 3
 8   5
 2 1 6

 7 4 3
 8 5  
 2 1 6

 7 4  
 8 5 3
 2 1 6

 7   4
 8 5 3
 2 1 6

   7 4
 8 5 3
 2 1 6

 8 7 4
   5 3
 2 1 6

 8 7 4
 5   3
 2 1 6

 8 7 4
 5 3  
 2 1 6

 8 7 4
 5 3 6
 2 1  

 8 7 4
 5 3 6
 2   1

 8 7 4
 5   6
 2 3 1

 8 7 4
 5 6  
 2 3 1

 8 7  
 5 6 4
 2 3 1

 8   7
 5 6 4
 2 3 1

 8 6 7
 5   4
 2 3 1

 8 6 7
   5 4
 2 3 1

 8 6 7
 2 5 4
   3 1

 8 6 7
 2 5 4
 3   1

181410 iterations 1.331460952758789 seconds 136248.83225010708 itn/s
181439 states
nodes by level
0 1
1 3
2 5
3 10
4 14
5 28
6 42
7 80
8 108
9 202
10 278
11 524
12 726
13 1348
14 1804
15 3283
16 4193
17 7322
18 8596
19 13930
20 14713
21 21721
22 19827
23 25132
24 18197
25 18978
26 9929
27 7359
28 2081
29 878
30 126

