
     [0;37ma[0m [0;37mb[0m [0;37mc[0m [0;37md[0m
  [0;37m0[0m  [0;32m#[0m [0;32m#[0m [0;32m#[0m [0;32m#[0m
  [0;37m1[0m  [0;32m#[0m [0;37m.[0m [0;37m.[0m [0;35m*[0m
  [0;37m2[0m  [0;32m#[0m [0;35m*[0m [0;35m*[0m [0;37m.[0m
  [0;37m3[0m  [0;32m#[0m [0;37m.[0m [0;35m*[0m [0;35m*[0m
  [0;37m4[0m  [0;32m#[0m [0;32m#[0m [0;32m#[0m [0;32m#[0m [0;32m#[0m

iteration 0

     [0;37ma[0m [0;37mb[0m [0;37mc[0m [0;37md[0m
  [0;37m0[0m  [0;32m#[0m [0;32m#[0m [0;32m#[0m [0;32m#[0m
  [0;37m1[0m  [0;32m#[0m [0;37m.[0m [0;37m.[0m [0;35m*[0m
  [0;37m2[0m  [0;32m#[0m [0;35m*[0m [0;35m*[0m [0;37m.[0m
  [0;37m3[0m  [0;32m#[0m [0;37m.[0m [0;35m*[0m [0;35m*[0m
  [0;37m4[0m  [0;32m#[0m [0;32m#[0m [0;32m#[0m [0;32m#[0m [0;32m#[0m

iteration 1

     [0;37ma[0m [0;37mb[0m [0;37mc[0m [0;37md[0m [0;37me[0m [0;37mf[0m
  [0;37m0[0m  [0;32m#[0m [0;32m#[0m [0;32m#[0m [0;32m#[0m [0;32m#[0m [0;32m#[0m
  [0;37m1[0m  [0;32m#[0m [0;37m.[0m [0;37m.[0m [0;37m.[0m [0;37m.[0m [0;37m.[0m
  [0;37m2[0m  [0;32m#[0m [0;37m.[0m [0;37m.[0m [0;35m*[0m [0;37m.[0m [0;37m.[0m
  [0;37m3[0m  [0;32m#[0m [0;37m.[0m [0;35m*[0m [0;37m.[0m [0;37m.[0m [0;37m.[0m
  [0;37m4[0m  [0;32m#[0m [0;37m.[0m [0;35m*[0m [0;35m*[0m [0;35m*[0m [0;37m.[0m
  [0;37m5[0m  [0;32m#[0m [0;37m.[0m [0;37m.[0m [0;37m.[0m [0;37m.[0m [0;37m.[0m
  [0;37m6[0m  [0;32m#[0m [0;32m#[0m [0;32m#[0m [0;32m#[0m [0;32m#[0m [0;32m#[0m [0;32m#[0m

iteration 2

     [0;37ma[0m [0;37mb[0m [0;37mc[0m [0;37md[0m [0;37me[0m [0;37mf[0m
  [0;37m0[0m  [0;32m#[0m [0;32m#[0m [0;32m#[0m [0;32m#[0m [0;32m#[0m [0;32m#[0m
  [0;37m1[0m  [0;32m#[0m [0;37m.[0m [0;37m.[0m [0;37m.[0m [0;37m.[0m [0;37m.[0m
  [0;37m2[0m  [0;32m#[0m [0;37m.[0m [0;37m.[0m [0;37m.[0m [0;37m.[0m [0;37m.[0m
  [0;37m3[0m  [0;32m#[0m [0;37m.[0m [0;35m*[0m [0;37m.[0m [0;35m*[0m [0;37m.[0m
  [0;37m4[0m  [0;32m#[0m [0;37m.[0m [0;35m*[0m [0;35m*[0m [0;37m.[0m [0;37m.[0m
  [0;37m5[0m  [0;32m#[0m [0;37m.[0m [0;37m.[0m [0;35m*[0m [0;37m.[0m [0;37m.[0m
  [0;37m6[0m  [0;32m#[0m [0;32m#[0m [0;32m#[0m [0;32m#[0m [0;32m#[0m [0;32m#[0m [0;32m#[0m

iteration 3

     [0;37ma[0m [0;37mb[0m [0;37mc[0m [0;37md[0m [0;37me[0m [0;37mf[0m
  [0;37m0[0m  [0;32m#[0m [0;32m#[0m [0;32m#[0m [0;32m#[0m [0;32m#[0m [0;32m#[0m
  [0;37m1[0m  [0;32m#[0m [0;37m.[0m [0;37m.[0m [0;37m.[0m [0;37m.[0m [0;37m.[0m
  [0;37m2[0m  [0;32m#[0m [0;37m.[0m [0;37m.[0m [0;37m.[0m [0;37m.[0m [0;37m.[0m
  [0;37m3[0m  [0;32m#[0m [0;37m.[0m [0;35m*[0m [0;37m.[0m [0;37m.[0m [0;37m.[0m
  [0;37m4[0m  [0;32m#[0m [0;37m.[0m [0;35m*[0m [0;37m.[0m [0;35m*[0m [0;37m.[0m
  [0;37m5[0m  [0;32m#[0m [0;37m.[0m [0;35m*[0m [0;35m*[0m [0;37m.[0m [0;37m.[0m
  [0;37m6[0m  [0;32m#[0m [0;37m.[0m [0;37m.[0m [0;37m.[0m [0;37m.[0m [0;37m.[0m
  [0;37m7[0m  [0;32m#[0m [0;32m#[0m [0;32m#[0m [0;32m#[0m [0;32m#[0m [0;32m#[0m [0;32m#[0m

iteration 4

     [0;37ma[0m [0;37mb[0m [0;37mc[0m [0;37md[0m [0;37me[0m [0;37mf[0m
  [0;37m0[0m  [0;32m#[0m [0;32m#[0m [0;32m#[0m [0;32m#[0m [0;32m#[0m [0;32m#[0m
  [0;37m1[0m  [0;32m#[0m [0;37m.[0m [0;37m.[0m [0;37m.[0m [0;37m.[0m [0;37m.[0m
  [0;37m2[0m  [0;32m#[0m [0;37m.[0m [0;37m.[0m [0;37m.[0m [0;37m.[0m [0;37m.[0m
  [0;37m3[0m  [0;32m#[0m [0;37m.[0m [0;37m.[0m [0;35m*[0m [0;37m.[0m [0;37m.[0m
  [0;37m4[0m  [0;32m#[0m [0;35m*[0m [0;35m*[0m [0;37m.[0m [0;37m.[0m [0;37m.[0m
  [0;37m5[0m  [0;32m#[0m [0;37m.[0m [0;35m*[0m [0;35m*[0m [0;37m.[0m [0;37m.[0m
  [0;37m6[0m  [0;32m#[0m [0;37m.[0m [0;37m.[0m [0;37m.[0m [0;37m.[0m [0;37m.[0m
  [0;37m7[0m  [0;32m#[0m [0;32m#[0m [0;32m#[0m [0;32m#[0m [0;32m#[0m [0;32m#[0m [0;32m#[0m

iteration 5

     [0;37ma[0m [0;37mb[0m [0;37mc[0m [0;37md[0m [0;37me[0m [0;37mf[0m [0;37mg[0m
  [0;37m0[0m  [0;32m#[0m [0;32m#[0m [0;32m#[0m [0;32m#[0m [0;32m#[0m [0;32m#[0m [0;32m#[0m
  [0;37m1[0m  [0;32m#[0m [0;37m.[0m [0;37m.[0m [0;37m.[0m [0;37m.[0m [0;37m.[0m [0;37m.[0m
  [0;37m2[0m  [0;32m#[0m [0;37m.[0m [0;37m.[0m [0;37m.[0m [0;37m.[0m [0;37m.[0m [0;37m.[0m
  [0;37m3[0m  [0;32m#[0m [0;37m.[0m [0;37m.[0m [0;35m*[0m [0;37m.[0m [0;37m.[0m [0;37m.[0m
  [0;37m4[0m  [0;32m#[0m [0;37m.[0m [0;35m*[0m [0;37m.[0m [0;37m.[0m [0;37m.[0m [0;37m.[0m
  [0;37m5[0m  [0;32m#[0m [0;37m.[0m [0;35m*[0m [0;35m*[0m [0;35m*[0m [0;37m.[0m [0;37m.[0m
  [0;37m6[0m  [0;32m#[0m [0;37m.[0m [0;37m.[0m [0;37m.[0m [0;37m.[0m [0;37m.[0m [0;37m.[0m
  [0;37m7[0m  [0;32m#[0m [0;32m#[0m [0;32m#[0m [0;32m#[0m [0;32m#[0m [0;32m#[0m [0;32m#[0m [0;32m#[0m

iteration 6

     [0;37ma[0m [0;37mb[0m [0;37mc[0m [0;37md[0m [0;37me[0m [0;37mf[0m [0;37mg[0m
  [0;37m0[0m  [0;32m#[0m [0;32m#[0m [0;32m#[0m [0;32m#[0m [0;32m#[0m [0;32m#[0m [0;32m#[0m
  [0;37m1[0m  [0;32m#[0m [0;37m.[0m [0;37m.[0m [0;37m.[0m [0;37m.[0m [0;37m.[0m [0;37m.[0m
  [0;37m2[0m  [0;32m#[0m [0;37m.[0m [0;37m.[0m [0;37m.[0m [0;37m.[0m [0;37m.[0m [0;37m.[0m
  [0;37m3[0m  [0;32m#[0m [0;37m.[0m [0;37m.[0m [0;37m.[0m [0;37m.[0m [0;37m.[0m [0;37m.[0m
  [0;37m4[0m  [0;32m#[0m [0;37m.[0m [0;35m*[0m [0;37m.[0m [0;35m*[0m [0;37m.[0m [0;37m.[0m
  [0;37m5[0m  [0;32m#[0m [0;37m.[0m [0;35m*[0m [0;35m*[0m [0;37m.[0m [0;37m.[0m [0;37m.[0m
  [0;37m6[0m  [0;32m#[0m [0;37m.[0m [0;37m.[0m [0;35m*[0m [0;37m.[0m [0;37m.[0m [0;37m.[0m
  [0;37m7[0m  [0;32m#[0m [0;32m#[0m [0;32m#[0m [0;32m#[0m [0;32m#[0m [0;32m#[0m [0;32m#[0m [0;32m#[0m

iteration 7

     [0;37ma[0m [0;37mb[0m [0;37mc[0m [0;37md[0m [0;37me[0m [0;37mf[0m [0;37mg[0m
  [0;37m0[0m  [0;32m#[0m [0;32m#[0m [0;32m#[0m [0;32m#[0m [0;32m#[0m [0;32m#[0m [0;32m#[0m
  [0;37m1[0m  [0;32m#[0m [0;37m.[0m [0;37m.[0m [0;37m.[0m [0;37m.[0m [0;37m.[0m [0;37m.[0m
  [0;37m2[0m  [0;32m#[0m [0;37m.[0m [0;37m.[0m [0;37m.[0m [0;37m.[0m [0;37m.[0m [0;37m.[0m
  [0;37m3[0m  [0;32m#[0m [0;37m.[0m [0;37m.[0m [0;37m.[0m [0;37m.[0m [0;37m.[0m [0;37m.[0m
  [0;37m4[0m  [0;32m#[0m [0;37m.[0m [0;35m*[0m [0;37m.[0m [0;37m.[0m [0;37m.[0m [0;37m.[0m
  [0;37m5[0m  [0;32m#[0m [0;37m.[0m [0;35m*[0m [0;37m.[0m [0;35m*[0m [0;37m.[0m [0;37m.[0m
  [0;37m6[0m  [0;32m#[0m [0;37m.[0m [0;35m*[0m [0;35m*[0m [0;37m.[0m [0;37m.[0m [0;37m.[0m
  [0;37m7[0m  [0;32m#[0m [0;37m.[0m [0;37m.[0m [0;37m.[0m [0;37m.[0m [0;37m.[0m [0;37m.[0m
  [0;37m8[0m  [0;32m#[0m [0;32m#[0m [0;32m#[0m [0;32m#[0m [0;32m#[0m [0;32m#[0m [0;32m#[0m [0;32m#[0m

iteration 8

     [0;37ma[0m [0;37mb[0m [0;37mc[0m [0;37md[0m [0;37me[0m [0;37mf[0m [0;37mg[0m
  [0;37m0[0m  [0;32m#[0m [0;32m#[0m [0;32m#[0m [0;32m#[0m [0;32m#[0m [0;32m#[0m [0;32m#[0m
  [0;37m1[0m  [0;32m#[0m [0;37m.[0m [0;37m.[0m [0;37m.[0m [0;37m.[0m [0;37m.[0m [0;37m.[0m
  [0;37m2[0m  [0;32m#[0m [0;37m.[0m [0;37m.[0m [0;37m.[0m [0;37m.[0m [0;37m.[0m [0;37m.[0m
  [0;37m3[0m  [0;32m#[0m [0;37m.[0m [0;37m.[0m [0;37m.[0m [0;37m.[0m [0;37m.[0m [0;37m.[0m
  [0;37m4[0m  [0;32m#[0m [0;37m.[0m [0;37m.[0m [0;35m*[0m [0;37m.[0m [0;37m.[0m [0;37m.[0m
  [0;37m5[0m  [0;32m#[0m [0;35m*[0m [0;35m*[0m [0;37m.[0m [0;37m.[0m [0;37m.[0m [0;37m.[0m
  [0;37m6[0m  [0;32m#[0m [0;37m.[0m [0;35m*[0m [0;35m*[0m [0;37m.[0m [0;37m.[0m [0;37m.[0m
  [0;37m7[0m  [0;32m#[0m [0;37m.[0m [0;37m.[0m [0;37m.[0m [0;37m.[0m [0;37m.[0m [0;37m.[0m
  [0;37m8[0m  [0;32m#[0m [0;32m#[0m [0;32m#[0m [0;32m#[0m [0;32m#[0m [0;32m#[0m [0;32m#[0m [0;32m#[0m

iteration 9

     [0;37ma[0m [0;37mb[0m [0;37mc[0m [0;37md[0m [0;37me[0m [0;37mf[0m [0;37mg[0m [0;37mh[0m
  [0;37m0[0m  [0;32m#[0m [0;32m#[0m [0;32m#[0m [0;32m#[0m [0;32m#[0m [0;32m#[0m [0;32m#[0m [0;32m#[0m
  [0;37m1[0m  [0;32m#[0m [0;37m.[0m [0;37m.[0m [0;37m.[0m [0;37m.[0m [0;37m.[0m [0;37m.[0m [0;37m.[0m
  [0;37m2[0m  [0;32m#[0m [0;37m.[0m [0;37m.[0m [0;37m.[0m [0;37m.[0m [0;37m.[0m [0;37m.[0m [0;37m.[0m
  [0;37m3[0m  [0;32m#[0m [0;37m.[0m [0;37m.[0m [0;37m.[0m [0;37m.[0m [0;37m.[0m [0;37m.[0m [0;37m.[0m
  [0;37m4[0m  [0;32m#[0m [0;37m.[0m [0;37m.[0m [0;35m*[0m [0;37m.[0m [0;37m.[0m [0;37m.[0m [0;37m.[0m
  [0;37m5[0m  [0;32m#[0m [0;37m.[0m [0;35m*[0m [0;37m.[0m [0;37m.[0m [0;37m.[0m [0;37m.[0m [0;37m.[0m
  [0;37m6[0m  [0;32m#[0m [0;37m.[0m [0;35m*[0m [0;35m*[0m [0;35m*[0m [0;37m.[0m [0;37m.[0m [0;37m.[0m
  [0;37m7[0m  [0;32m#[0m [0;37m.[0m [0;37m.[0m [0;37m.[0m [0;37m.[0m [0;37m.[0m [0;37m.[0m [0;37m.[0m
  [0;37m8[0m  [0;32m#[0m [0;32m#[0m [0;32m#[0m [0;32m#[0m [0;32m#[0m [0;32m#[0m [0;32m#[0m [0;32m#[0m [0;32m#[0m

iteration 10

     [0;37ma[0m [0;37mb[0m [0;37mc[0m [0;37md[0m [0;37me[0m [0;37mf[0m [0;37mg[0m [0;37mh[0m
  [0;37m0[0m  [0;32m#[0m [0;32m#[0m [0;32m#[0m [0;32m#[0m [0;32m#[0m [0;32m#[0m [0;32m#[0m [0;32m#[0m
  [0;37m1[0m  [0;32m#[0m [0;37m.[0m [0;37m.[0m [0;37m.[0m [0;37m.[0m [0;37m.[0m [0;37m.[0m [0;37m.[0m
  [0;37m2[0m  [0;32m#[0m [0;37m.[0m [0;37m.[0m [0;37m.[0m [0;37m.[0m [0;37m.[0m [0;37m.[0m [0;37m.[0m
  [0;37m3[0m  [0;32m#[0m [0;37m.[0m [0;37m.[0m [0;37m.[0m [0;37m.[0m [0;37m.[0m [0;37m.[0m [0;37m.[0m
  [0;37m4[0m  [0;32m#[0m [0;37m.[0m [0;37m.[0m [0;37m.[0m [0;37m.[0m [0;37m.[0m [0;37m.[0m [0;37m.[0m
  [0;37m5[0m  [0;32m#[0m [0;37m.[0m [0;35m*[0m [0;37m.[0m [0;35m*[0m [0;37m.[0m [0;37m.[0m [0;37m.[0m
  [0;37m6[0m  [0;32m#[0m [0;37m.[0m [0;35m*[0m [0;35m*[0m [0;37m.[0m [0;37m.[0m [0;37m.[0m [0;37m.[0m
  [0;37m7[0m  [0;32m#[0m [0;37m.[0m [0;37m.[0m [0;35m*[0m [0;37m.[0m [0;37m.[0m [0;37m.[0m [0;37m.[0m
  [0;37m8[0m  [0;32m#[0m [0;32m#[0m [0;32m#[0m [0;32m#[0m [0;32m#[0m [0;32m#[0m [0;32m#[0m [0;32m#[0m [0;32m#[0m

iteration 11

     [0;37ma[0m [0;37mb[0m [0;37mc[0m [0;37md[0m [0;37me[0m [0;37mf[0m [0;37mg[0m [0;37mh[0m
  [0;37m0[0m  [0;32m#[0m [0;32m#[0m [0;32m#[0m [0;32m#[0m [0;32m#[0m [0;32m#[0m [0;32m#[0m [0;32m#[0m
  [0;37m1[0m  [0;32m#[0m [0;37m.[0m [0;37m.[0m [0;37m.[0m [0;37m.[0m [0;37m.[0m [0;37m.[0m [0;37m.[0m
  [0;37m2[0m  [0;32m#[0m [0;37m.[0m [0;37m.[0m [0;37m.[0m [0;37m.[0m [0;37m.[0m [0;37m.[0m [0;37m.[0m
  [0;37m3[0m  [0;32m#[0m [0;37m.[0m [0;37m.[0m [0;37m.[0m [0;37m.[0m [0;37m.[0m [0;37m.[0m [0;37m.[0m
  [0;37m4[0m  [0;32m#[0m [0;37m.[0m [0;37m.[0m [0;37m.[0m [0;37m.[0m [0;37m.[0m [0;37m.[0m [0;37m.[0m
  [0;37m5[0m  [0;32m#[0m [0;37m.[0m [0;35m*[0m [0;37m.[0m [0;37m.[0m [0;37m.[0m [0;37m.[0m [0;37m.[0m
  [0;37m6[0m  [0;32m#[0m [0;37m.[0m [0;35m*[0m [0;37m.[0m [0;35m*[0m [0;37m.[0m [0;37m.[0m [0;37m.[0m
  [0;37m7[0m  [0;32m#[0m [0;37m.[0m [0;35m*[0m [0;35m*[0m [0;37m.[0m [0;37m.[0m [0;37m.[0m [0;37m.[0m
  [0;37m8[0m  [0;32m#[0m [0;37m.[0m [0;37m.[0m [0;37m.[0m [0;37m.[0m [0;37m.[0m [0;37m.[0m [0;37m.[0m
  [0;37m9[0m  [0;32m#[0m [0;32m#[0m [0;32m#[0m [0;32m#[0m [0;32m#[0m [0;32m#[0m [0;32m#[0m [0;32m#[0m [0;32m#[0m

iteration 12

     [0;37ma[0m [0;37mb[0m [0;37mc[0m [0;37md[0m [0;37me[0m [0;37mf[0m [0;37mg[0m [0;37mh[0m
  [0;37m0[0m  [0;32m#[0m [0;32m#[0m [0;32m#[0m [0;32m#[0m [0;32m#[0m [0;32m#[0m [0;32m#[0m [0;32m#[0m
  [0;37m1[0m  [0;32m#[0m [0;37m.[0m [0;37m.[0m [0;37m.[0m [0;37m.[0m [0;37m.[0m [0;37m.[0m [0;37m.[0m
  [0;37m2[0m  [0;32m#[0m [0;37m.[0m [0;37m.[0m [0;37m.[0m [0;37m.[0m [0;37m.[0m [0;37m.[0m [0;37m.[0m
  [0;37m3[0m  [0;32m#[0m [0;37m.[0m [0;37m.[0m [0;37m.[0m [0;37m.[0m [0;37m.[0m [0;37m.[0m [0;37m.[0m
  [0;37m4[0m  [0;32m#[0m [0;37m.[0m [0;37m.[0m [0;37m.[0m [0;37m.[0m [0;37m.[0m [0;37m.[0m [0;37m.[0m
  [0;37m5[0m  [0;32m#[0m [0;37m.[0m [0;37m.[0m [0;35m*[0m [0;37m.[0m [0;37m.[0m [0;37m.[0m [0;37m.[0m
  [0;37m6[0m  [0;32m#[0m [0;35m*[0m [0;35m*[0m [0;37m.[0m [0;37m.[0m [0;37m.[0m [0;37m.[0m [0;37m.[0m
  [0;37m7[0m  [0;32m#[0m [0;37m.[0m [0;35m*[0m [0;35m*[0m [0;37m.[0m [0;37m.[0m [0;37m.[0m [0;37m.[0m
  [0;37m8[0m  [0;32m#[0m [0;37m.[0m [0;37m.[0m [0;37m.[0m [0;37m.[0m [0;37m.[0m [0;37m.[0m [0;37m.[0m
  [0;37m9[0m  [0;32m#[0m [0;32m#[0m [0;32m#[0m [0;32m#[0m [0;32m#[0m [0;32m#[0m [0;32m#[0m [0;32m#[0m [0;32m#[0m

iteration 13

     [0;37ma[0m [0;37mb[0m [0;37mc[0m [0;37md[0m [0;37me[0m [0;37mf[0m [0;37mg[0m [0;37mh[0m [0;37mi[0m
  [0;37m0[0m  [0;32m#[0m [0;32m#[0m [0;32m#[0m [0;32m#[0m [0;32m#[0m [0;32m#[0m [0;32m#[0m [0;32m#[0m [0;32m#[0m
  [0;37m1[0m  [0;32m#[0m [0;37m.[0m [0;37m.[0m [0;37m.[0m [0;37m.[0m [0;37m.[0m [0;37m.[0m [0;37m.[0m [0;37m.[0m
  [0;37m2[0m  [0;32m#[0m [0;37m.[0m [0;37m.[0m [0;37m.[0m [0;37m.[0m [0;37m.[0m [0;37m.[0m [0;37m.[0m [0;37m.[0m
  [0;37m3[0m  [0;32m#[0m [0;37m.[0m [0;37m.[0m [0;37m.[0m [0;37m.[0m [0;37m.[0m [0;37m.[0m [0;37m.[0m [0;37m.[0m
  [0;37m4[0m  [0;32m#[0m [0;37m.[0m [0;37m.[0m [0;37m.[0m [0;37m.[0m [0;37m.[0m [0;37m.[0m [0;37m.[0m [0;37m.[0m
  [0;37m5[0m  [0;32m#[0m [0;37m.[0m [0;37m.[0m [0;35m*[0m [0;37m.[0m [0;37m.[0m [0;37m.[0m [0;37m.[0m [0;37m.[0m
  [0;37m6[0m  [0;32m#[0m [0;37m.[0m [0;35m*[0m [0;37m.[0m [0;37m.[0m [0;37m.[0m [0;37m.[0m [0;37m.[0m [0;37m.[0m
  [0;37m7[0m  [0;32m#[0m [0;37m.[0m [0;35m*[0m [0;35m*[0m [0;35m*[0m [0;37m.[0m [0;37m.[0m [0;37m.[0m [0;37m.[0m
  [0;37m8[0m  [0;32m#[0m [0;37m.[0m [0;37m.[0m [0;37m.[0m [0;37m.[0m [0;37m.[0m [0;37m.[0m [0;37m.[0m [0;37m.[0m
  [0;37m9[0m  [0;32m#[0m [0;32m#[0m [0;32m#[0m [0;32m#[0m [0;32m#[0m [0;32m#[0m [0;32m#[0m [0;32m#[0m [0;32m#[0m [0;32m#[0m

iteration 14

     [0;37ma[0m [0;37mb[0m [0;37mc[0m [0;37md[0m [0;37me[0m [0;37mf[0m [0;37mg[0m [0;37mh[0m [0;37mi[0m
  [0;37m0[0m  [0;32m#[0m [0;32m#[0m [0;32m#[0m [0;32m#[0m [0;32m#[0m [0;32m#[0m [0;32m#[0m [0;32m#[0m [0;32m#[0m
  [0;37m1[0m  [0;32m#[0m [0;37m.[0m [0;37m.[0m [0;37m.[0m [0;37m.[0m [0;37m.[0m [0;37m.[0m [0;37m.[0m [0;37m.[0m
  [0;37m2[0m  [0;32m#[0m [0;37m.[0m [0;37m.[0m [0;37m.[0m [0;37m.[0m [0;37m.[0m [0;37m.[0m [0;37m.[0m [0;37m.[0m
  [0;37m3[0m  [0;32m#[0m [0;37m.[0m [0;37m.[0m [0;37m.[0m [0;37m.[0m [0;37m.[0m [0;37m.[0m [0;37m.[0m [0;37m.[0m
  [0;37m4[0m  [0;32m#[0m [0;37m.[0m [0;37m.[0m [0;37m.[0m [0;37m.[0m [0;37m.[0m [0;37m.[0m [0;37m.[0m [0;37m.[0m
  [0;37m5[0m  [0;32m#[0m [0;37m.[0m [0;37m.[0m [0;37m.[0m [0;37m.[0m [0;37m.[0m [0;37m.[0m [0;37m.[0m [0;37m.[0m
  [0;37m6[0m  [0;32m#[0m [0;37m.[0m [0;35m*[0m [0;37m.[0m [0;35m*[0m [0;37m.[0m [0;37m.[0m [0;37m.[0m [0;37m.[0m
  [0;37m7[0m  [0;32m#[0m [0;37m.[0m [0;35m*[0m [0;35m*[0m [0;37m.[0m [0;37m.[0m [0;37m.[0m [0;37m.[0m [0;37m.[0m
  [0;37m8[0m  [0;32m#[0m [0;37m.[0m [0;37m.[0m [0;35m*[0m [0;37m.[0m [0;37m.[0m [0;37m.[0m [0;37m.[0m [0;37m.[0m
  [0;37m9[0m  [0;32m#[0m [0;32m#[0m [0;32m#[0m [0;32m#[0m [0;32m#[0m [0;32m#[0m [0;32m#[0m [0;32m#[0m [0;32m#[0m [0;32m#[0m

iteration 15

     [0;37ma[0m [0;37mb[0m [0;37mc[0m [0;37md[0m [0;37me[0m [0;37mf[0m [0;37mg[0m [0;37mh[0m [0;37mi[0m
  [0;37m0[0m  [0;32m#[0m [0;32m#[0m [0;32m#[0m [0;32m#[0m [0;32m#[0m [0;32m#[0m [0;32m#[0m [0;32m#[0m [0;32m#[0m
  [0;37m1[0m  [0;32m#[0m [0;37m.[0m [0;37m.[0m [0;37m.[0m [0;37m.[0m [0;37m.[0m [0;37m.[0m [0;37m.[0m [0;37m.[0m
  [0;37m2[0m  [0;32m#[0m [0;37m.[0m [0;37m.[0m [0;37m.[0m [0;37m.[0m [0;37m.[0m [0;37m.[0m [0;37m.[0m [0;37m.[0m
  [0;37m3[0m  [0;32m#[0m [0;37m.[0m [0;37m.[0m [0;37m.[0m [0;37m.[0m [0;37m.[0m [0;37m.[0m [0;37m.[0m [0;37m.[0m
  [0;37m4[0m  [0;32m#[0m [0;37m.[0m [0;37m.[0m [0;37m.[0m [0;37m.[0m [0;37m.[0m [0;37m.[0m [0;37m.[0m [0;37m.[0m
  [0;37m5[0m  [0;32m#[0m [0;37m.[0m [0;37m.[0m [0;37m.[0m [0;37m.[0m [0;37m.[0m [0;37m.[0m [0;37m.[0m [0;37m.[0m
  [0;37m6[0m  [0;32m#[0m [0;37m.[0m [0;35m*[0m [0;37m.[0m [0;37m.[0m [0;37m.[0m [0;37m.[0m [0;37m.[0m [0;37m.[0m
  [0;37m7[0m  [0;32m#[0m [0;37m.[0m [0;35m*[0m [0;37m.[0m [0;35m*[0m [0;37m.[0m [0;37m.[0m [0;37m.[0m [0;37m.[0m
  [0;37m8[0m  [0;32m#[0m [0;37m.[0m [0;35m*[0m [0;35m*[0m [0;37m.[0m [0;37m.[0m [0;37m.[0m [0;37m.[0m [0;37m.[0m
  [0;37m9[0m  [0;32m#[0m [0;37m.[0m [0;37m.[0m [0;37m.[0m [0;37m.[0m [0;37m.[0m [0;37m.[0m [0;37m.[0m [0;37m.[0m
 [0;37m1[0m[0;37m0[0m  [0;32m#[0m [0;32m#[0m [0;32m#[0m [0;32m#[0m [0;32m#[0m [0;32m#[0m [0;32m#[0m [0;32m#[0m [0;32m#[0m [0;32m#[0m

iteration 16

     [0;37ma[0m [0;37mb[0m [0;37mc[0m [0;37md[0m [0;37me[0m [0;37mf[0m [0;37mg[0m [0;37mh[0m [0;37mi[0m
  [0;37m0[0m  [0;32m#[0m [0;32m#[0m [0;32m#[0m [0;32m#[0m [0;32m#[0m [0;32m#[0m [0;32m#[0m [0;32m#[0m [0;32m#[0m
  [0;37m1[0m  [0;32m#[0m [0;37m.[0m [0;37m.[0m [0;37m.[0m [0;37m.[0m [0;37m.[0m [0;37m.[0m [0;37m.[0m [0;37m.[0m
  [0;37m2[0m  [0;32m#[0m [0;37m.[0m [0;37m.[0m [0;37m.[0m [0;37m.[0m [0;37m.[0m [0;37m.[0m [0;37m.[0m [0;37m.[0m
  [0;37m3[0m  [0;32m#[0m [0;37m.[0m [0;37m.[0m [0;37m.[0m [0;37m.[0m [0;37m.[0m [0;37m.[0m [0;37m.[0m [0;37m.[0m
  [0;37m4[0m  [0;32m#[0m [0;37m.[0m [0;37m.[0m [0;37m.[0m [0;37m.[0m [0;37m.[0m [0;37m.[0m [0;37m.[0m [0;37m.[0m
  [0;37m5[0m  [0;32m#[0m [0;37m.[0m [0;37m.[0m [0;37m.[0m [0;37m.[0m [0;37m.[0m [0;37m.[0m [0;37m.[0m [0;37m.[0m
  [0;37m6[0m  [0;32m#[0m [0;37m.[0m [0;37m.[0m [0;35m*[0m [0;37m.[0m [0;37m.[0m [0;37m.[0m [0;37m.[0m [0;37m.[0m
  [0;37m7[0m  [0;32m#[0m [0;35m*[0m [0;35m*[0m [0;37m.[0m [0;37m.[0m [0;37m.[0m [0;37m.[0m [0;37m.[0m [0;37m.[0m
  [0;37m8[0m  [0;32m#[0m [0;37m.[0m [0;35m*[0m [0;35m*[0m [0;37m.[0m [0;37m.[0m [0;37m.[0m [0;37m.[0m [0;37m.[0m
  [0;37m9[0m  [0;32m#[0m [0;37m.[0m [0;37m.[0m [0;37m.[0m [0;37m.[0m [0;37m.[0m [0;37m.[0m [0;37m.[0m [0;37m.[0m
 [0;37m1[0m[0;37m0[0m  [0;32m#[0m [0;32m#[0m [0;32m#[0m [0;32m#[0m [0;32m#[0m [0;32m#[0m [0;32m#[0m [0;32m#[0m [0;32m#[0m [0;32m#[0m

iteration 17

     [0;37ma[0m [0;37mb[0m [0;37mc[0m [0;37md[0m [0;37me[0m [0;37mf[0m [0;37mg[0m [0;37mh[0m [0;37mi[0m [0;37mj[0m
  [0;37m0[0m  [0;32m#[0m [0;32m#[0m [0;32m#[0m [0;32m#[0m [0;32m#[0m [0;32m#[0m [0;32m#[0m [0;32m#[0m [0;32m#[0m [0;32m#[0m
  [0;37m1[0m  [0;32m#[0m [0;37m.[0m [0;37m.[0m [0;37m.[0m [0;37m.[0m [0;37m.[0m [0;37m.[0m [0;37m.[0m [0;37m.[0m [0;37m.[0m
  [0;37m2[0m  [0;32m#[0m [0;37m.[0m [0;37m.[0m [0;37m.[0m [0;37m.[0m [0;37m.[0m [0;37m.[0m [0;37m.[0m [0;37m.[0m [0;37m.[0m
  [0;37m3[0m  [0;32m#[0m [0;37m.[0m [0;37m.[0m [0;37m.[0m [0;37m.[0m [0;37m.[0m [0;37m.[0m [0;37m.[0m [0;37m.[0m [0;37m.[0m
  [0;37m4[0m  [0;32m#[0m [0;37m.[0m [0;37m.[0m [0;37m.[0m [0;37m.[0m [0;37m.[0m [0;37m.[0m [0;37m.[0m [0;37m.[0m [0;37m.[0m
  [0;37m5[0m  [0;32m#[0m [0;37m.[0m [0;37m.[0m [0;37m.[0m [0;37m.[0m [0;37m.[0m [0;37m.[0m [0;37m.[0m [0;37m.[0m [0;37m.[0m
  [0;37m6[0m  [0;32m#[0m [0;37m.[0m [0;37m.[0m [0;35m*[0m [0;37m.[0m [0;37m.[0m [0;37m.[0m [0;37m.[0m [0;37m.[0m [0;37m.[0m
  [0;37m7[0m  [0;32m#[0m [0;37m.[0m [0;35m*[0m [0;37m.[0m [0;37m.[0m [0;37m.[0m [0;37m.[0m [0;37m.[0m [0;37m.[0m [0;37m.[0m
  [0;37m8[0m  [0;32m#[0m [0;37m.[0m [0;35m*[0m [0;35m*[0m [0;35m*[0m [0;37m.[0m [0;37m.[0m [0;37m.[0m [0;37m.[0m [0;37m.[0m
  [0;37m9[0m  [0;32m#[0m [0;37m.[0m [0;37m.[0m [0;37m.[0m [0;37m.[0m [0;37m.[0m [0;37m.[0m [0;37m.[0m [0;37m.[0m [0;37m.[0m
 [0;37m1[0m[0;37m0[0m  [0;32m#[0m [0;32m#[0m [0;32m#[0m [0;32m#[0m [0;32m#[0m [0;32m#[0m [0;32m#[0m [0;32m#[0m [0;32m#[0m [0;32m#[0m [0;32m#[0m

iteration 18

     [0;37ma[0m [0;37mb[0m [0;37mc[0m [0;37md[0m [0;37me[0m [0;37mf[0m [0;37mg[0m [0;37mh[0m [0;37mi[0m [0;37mj[0m
  [0;37m0[0m  [0;32m#[0m [0;32m#[0m [0;32m#[0m [0;32m#[0m [0;32m#[0m [0;32m#[0m [0;32m#[0m [0;32m#[0m [0;32m#[0m [0;32m#[0m
  [0;37m1[0m  [0;32m#[0m [0;37m.[0m [0;37m.[0m [0;37m.[0m [0;37m.[0m [0;37m.[0m [0;37m.[0m [0;37m.[0m [0;37m.[0m [0;37m.[0m
  [0;37m2[0m  [0;32m#[0m [0;37m.[0m [0;37m.[0m [0;37m.[0m [0;37m.[0m [0;37m.[0m [0;37m.[0m [0;37m.[0m [0;37m.[0m [0;37m.[0m
  [0;37m3[0m  [0;32m#[0m [0;37m.[0m [0;37m.[0m [0;37m.[0m [0;37m.[0m [0;37m.[0m [0;37m.[0m [0;37m.[0m [0;37m.[0m [0;37m.[0m
  [0;37m4[0m  [0;32m#[0m [0;37m.[0m [0;37m.[0m [0;37m.[0m [0;37m.[0m [0;37m.[0m [0;37m.[0m [0;37m.[0m [0;37m.[0m [0;37m.[0m
  [0;37m5[0m  [0;32m#[0m [0;37m.[0m [0;37m.[0m [0;37m.[0m [0;37m.[0m [0;37m.[0m [0;37m.[0m [0;37m.[0m [0;37m.[0m [0;37m.[0m
  [0;37m6[0m  [0;32m#[0m [0;37m.[0m [0;37m.[0m [0;37m.[0m [0;37m.[0m [0;37m.[0m [0;37m.[0m [0;37m.[0m [0;37m.[0m [0;37m.[0m
  [0;37m7[0m  [0;32m#[0m [0;37m.[0m [0;35m*[0m [0;37m.[0m [0;35m*[0m [0;37m.[0m [0;37m.[0m [0;37m.[0m [0;37m.[0m [0;37m.[0m
  [0;37m8[0m  [0;32m#[0m [0;37m.[0m [0;35m*[0m [0;35m*[0m [0;37m.[0m [0;37m.[0m [0;37m.[0m [0;37m.[0m [0;37m.[0m [0;37m.[0m
  [0;37m9[0m  [0;32m#[0m [0;37m.[0m [0;37m.[0m [0;35m*[0m [0;37m.[0m [0;37m.[0m [0;37m.[0m [0;37m.[0m [0;37m.[0m [0;37m.[0m
 [0;37m1[0m[0;37m0[0m  [0;32m#[0m [0;32m#[0m [0;32m#[0m [0;32m#[0m [0;32m#[0m [0;32m#[0m [0;32m#[0m [0;32m#[0m [0;32m#[0m [0;32m#[0m [0;32m#[0m

iteration 19

     [0;37ma[0m [0;37mb[0m [0;37mc[0m [0;37md[0m [0;37me[0m [0;37mf[0m [0;37mg[0m [0;37mh[0m [0;37mi[0m [0;37mj[0m
  [0;37m0[0m  [0;32m#[0m [0;32m#[0m [0;32m#[0m [0;32m#[0m [0;32m#[0m [0;32m#[0m [0;32m#[0m [0;32m#[0m [0;32m#[0m [0;32m#[0m
  [0;37m1[0m  [0;32m#[0m [0;37m.[0m [0;37m.[0m [0;37m.[0m [0;37m.[0m [0;37m.[0m [0;37m.[0m [0;37m.[0m [0;37m.[0m [0;37m.[0m
  [0;37m2[0m  [0;32m#[0m [0;37m.[0m [0;37m.[0m [0;37m.[0m [0;37m.[0m [0;37m.[0m [0;37m.[0m [0;37m.[0m [0;37m.[0m [0;37m.[0m
  [0;37m3[0m  [0;32m#[0m [0;37m.[0m [0;37m.[0m [0;37m.[0m [0;37m.[0m [0;37m.[0m [0;37m.[0m [0;37m.[0m [0;37m.[0m [0;37m.[0m
  [0;37m4[0m  [0;32m#[0m [0;37m.[0m [0;37m.[0m [0;37m.[0m [0;37m.[0m [0;37m.[0m [0;37m.[0m [0;37m.[0m [0;37m.[0m [0;37m.[0m
  [0;37m5[0m  [0;32m#[0m [0;37m.[0m [0;37m.[0m [0;37m.[0m [0;37m.[0m [0;37m.[0m [0;37m.[0m [0;37m.[0m [0;37m.[0m [0;37m.[0m
  [0;37m6[0m  [0;32m#[0m [0;37m.[0m [0;37m.[0m [0;37m.[0m [0;37m.[0m [0;37m.[0m [0;37m.[0m [0;37m.[0m [0;37m.[0m [0;37m.[0m
  [0;37m7[0m  [0;32m#[0m [0;37m.[0m [0;35m*[0m [0;37m.[0m [0;37m.[0m [0;37m.[0m [0;37m.[0m [0;37m.[0m [0;37m.[0m [0;37m.[0m
  [0;37m8[0m  [0;32m#[0m [0;37m.[0m [0;35m*[0m [0;37m.[0m [0;35m*[0m [0;37m.[0m [0;37m.[0m [0;37m.[0m [0;37m.[0m [0;37m.[0m
  [0;37m9[0m  [0;32m#[0m [0;37m.[0m [0;35m*[0m [0;35m*[0m [0;37m.[0m [0;37m.[0m [0;37m.[0m [0;37m.[0m [0;37m.[0m [0;37m.[0m
 [0;37m1[0m[0;37m0[0m  [0;32m#[0m [0;37m.[0m [0;37m.[0m [0;37m.[0m [0;37m.[0m [0;37m.[0m [0;37m.[0m [0;37m.[0m [0;37m.[0m [0;37m.[0m
 [0;37m1[0m[0;37m1[0m  [0;32m#[0m [0;32m#[0m [0;32m#[0m [0;32m#[0m [0;32m#[0m [0;32m#[0m [0;32m#[0m [0;32m#[0m [0;32m#[0m [0;32m#[0m [0;32m#[0m

iteration 20

     [0;37ma[0m [0;37mb[0m [0;37mc[0m [0;37md[0m [0;37me[0m [0;37mf[0m [0;37mg[0m [0;37mh[0m [0;37mi[0m [0;37mj[0m
  [0;37m0[0m  [0;32m#[0m [0;32m#[0m [0;32m#[0m [0;32m#[0m [0;32m#[0m [0;32m#[0m [0;32m#[0m [0;32m#[0m [0;32m#[0m [0;32m#[0m
  [0;37m1[0m  [0;32m#[0m [0;37m.[0m [0;37m.[0m [0;37m.[0m [0;37m.[0m [0;37m.[0m [0;37m.[0m [0;37m.[0m [0;37m.[0m [0;37m.[0m
  [0;37m2[0m  [0;32m#[0m [0;37m.[0m [0;37m.[0m [0;37m.[0m [0;37m.[0m [0;37m.[0m [0;37m.[0m [0;37m.[0m [0;37m.[0m [0;37m.[0m
  [0;37m3[0m  [0;32m#[0m [0;37m.[0m [0;37m.[0m [0;37m.[0m [0;37m.[0m [0;37m.[0m [0;37m.[0m [0;37m.[0m [0;37m.[0m [0;37m.[0m
  [0;37m4[0m  [0;32m#[0m [0;37m.[0m [0;37m.[0m [0;37m.[0m [0;37m.[0m [0;37m.[0m [0;37m.[0m [0;37m.[0m [0;37m.[0m [0;37m.[0m
  [0;37m5[0m  [0;32m#[0m [0;37m.[0m [0;37m.[0m [0;37m.[0m [0;37m.[0m [0;37m.[0m [0;37m.[0m [0;37m.[0m [0;37m.[0m [0;37m.[0m
  [0;37m6[0m  [0;32m#[0m [0;37m.[0m [0;37m.[0m [0;37m.[0m [0;37m.[0m [0;37m.[0m [0;37m.[0m [0;37m.[0m [0;37m.[0m [0;37m.[0m
  [0;37m7[0m  [0;32m#[0m [0;37m.[0m [0;37m.[0m [0;35m*[0m [0;37m.[0m [0;37m.[0m [0;37m.[0m [0;37m.[0m [0;37m.[0m [0;37m.[0m
  [0;37m8[0m  [0;32m#[0m [0;35m*[0m [0;35m*[0m [0;37m.[0m [0;37m.[0m [0;37m.[0m [0;37m.[0m [0;37m.[0m [0;37m.[0m [0;37m.[0m
  [0;37m9[0m  [0;32m#[0m [0;37m.[0m [0;35m*[0m [0;35m*[0m [0;37m.[0m [0;37m.[0m [0;37m.[0m [0;37m.[0m [0;37m.[0m [0;37m.[0m
 [0;37m1[0m[0;37m0[0m  [0;32m#[0m [0;37m.[0m [0;37m.[0m [0;37m.[0m [0;37m.[0m [0;37m.[0m [0;37m.[0m [0;37m.[0m [0;37m.[0m [0;37m.[0m
 [0;37m1[0m[0;37m1[0m  [0;32m#[0m [0;32m#[0m [0;32m#[0m [0;32m#[0m [0;32m#[0m [0;32m#[0m [0;32m#[0m [0;32m#[0m [0;32m#[0m [0;32m#[0m [0;32m#[0m

iteration 21

     [0;37ma[0m [0;37mb[0m [0;37mc[0m [0;37md[0m [0;37me[0m [0;37mf[0m [0;37mg[0m [0;37mh[0m [0;37mi[0m [0;37mj[0m [0;37mk[0m
  [0;37m0[0m  [0;32m#[0m [0;32m#[0m [0;32m#[0m [0;32m#[0m [0;32m#[0m [0;32m#[0m [0;32m#[0m [0;32m#[0m [0;32m#[0m [0;32m#[0m [0;32m#[0m
  [0;37m1[0m  [0;32m#[0m [0;37m.[0m [0;37m.[0m [0;37m.[0m [0;37m.[0m [0;37m.[0m [0;37m.[0m [0;37m.[0m [0;37m.[0m [0;37m.[0m [0;37m.[0m
  [0;37m2[0m  [0;32m#[0m [0;37m.[0m [0;37m.[0m [0;37m.[0m [0;37m.[0m [0;37m.[0m [0;37m.[0m [0;37m.[0m [0;37m.[0m [0;37m.[0m [0;37m.[0m
  [0;37m3[0m  [0;32m#[0m [0;37m.[0m [0;37m.[0m [0;37m.[0m [0;37m.[0m [0;37m.[0m [0;37m.[0m [0;37m.[0m [0;37m.[0m [0;37m.[0m [0;37m.[0m
  [0;37m4[0m  [0;32m#[0m [0;37m.[0m [0;37m.[0m [0;37m.[0m [0;37m.[0m [0;37m.[0m [0;37m.[0m [0;37m.[0m [0;37m.[0m [0;37m.[0m [0;37m.[0m
  [0;37m5[0m  [0;32m#[0m [0;37m.[0m [0;37m.[0m [0;37m.[0m [0;37m.[0m [0;37m.[0m [0;37m.[0m [0;37m.[0m [0;37m.[0m [0;37m.[0m [0;37m.[0m
  [0;37m6[0m  [0;32m#[0m [0;37m.[0m [0;37m.[0m [0;37m.[0m [0;37m.[0m [0;37m.[0m [0;37m.[0m [0;37m.[0m [0;37m.[0m [0;37m.[0m [0;37m.[0m
  [0;37m7[0m  [0;32m#[0m [0;37m.[0m [0;37m.[0m [0;35m*[0m [0;37m.[0m [0;37m.[0m [0;37m.[0m [0;37m.[0m [0;37m.[0m [0;37m.[0m [0;37m.[0m
  [0;37m8[0m  [0;32m#[0m [0;37m.[0m [0;35m*[0m [0;37m.[0m [0;37m.[0m [0;37m.[0m [0;37m.[0m [0;37m.[0m [0;37m.[0m [0;37m.[0m [0;37m.[0m
  [0;37m9[0m  [0;32m#[0m [0;37m.[0m [0;35m*[0m [0;35m*[0m [0;35m*[0m [0;37m.[0m [0;37m.[0m [0;37m.[0m [0;37m.[0m [0;37m.[0m [0;37m.[0m
 [0;37m1[0m[0;37m0[0m  [0;32m#[0m [0;37m.[0m [0;37m.[0m [0;37m.[0m [0;37m.[0m [0;37m.[0m [0;37m.[0m [0;37m.[0m [0;37m.[0m [0;37m.[0m [0;37m.[0m
 [0;37m1[0m[0;37m1[0m  [0;32m#[0m [0;32m#[0m [0;32m#[0m [0;32m#[0m [0;32m#[0m [0;32m#[0m [0;32m#[0m [0;32m#[0m [0;32m#[0m [0;32m#[0m [0;32m#[0m [0;32m#[0m

iteration 22

     [0;37ma[0m [0;37mb[0m [0;37mc[0m [0;37md[0m [0;37me[0m [0;37mf[0m [0;37mg[0m [0;37mh[0m [0;37mi[0m [0;37mj[0m [0;37mk[0m
  [0;37m0[0m  [0;32m#[0m [0;32m#[0m [0;32m#[0m [0;32m#[0m [0;32m#[0m [0;32m#[0m [0;32m#[0m [0;32m#[0m [0;32m#[0m [0;32m#[0m [0;32m#[0m
  [0;37m1[0m  [0;32m#[0m [0;37m.[0m [0;37m.[0m [0;37m.[0m [0;37m.[0m [0;37m.[0m [0;37m.[0m [0;37m.[0m [0;37m.[0m [0;37m.[0m [0;37m.[0m
  [0;37m2[0m  [0;32m#[0m [0;37m.[0m [0;37m.[0m [0;37m.[0m [0;37m.[0m [0;37m.[0m [0;37m.[0m [0;37m.[0m [0;37m.[0m [0;37m.[0m [0;37m.[0m
  [0;37m3[0m  [0;32m#[0m [0;37m.[0m [0;37m.[0m [0;37m.[0m [0;37m.[0m [0;37m.[0m [0;37m.[0m [0;37m.[0m [0;37m.[0m [0;37m.[0m [0;37m.[0m
  [0;37m4[0m  [0;32m#[0m [0;37m.[0m [0;37m.[0m [0;37m.[0m [0;37m.[0m [0;37m.[0m [0;37m.[0m [0;37m.[0m [0;37m.[0m [0;37m.[0m [0;37m.[0m
  [0;37m5[0m  [0;32m#[0m [0;37m.[0m [0;37m.[0m [0;37m.[0m [0;37m.[0m [0;37m.[0m [0;37m.[0m [0;37m.[0m [0;37m.[0m [0;37m.[0m [0;37m.[0m
  [0;37m6[0m  [0;32m#[0m [0;37m.[0m [0;37m.[0m [0;37m.[0m [0;37m.[0m [0;37m.[0m [0;37m.[0m [0;37m.[0m [0;37m.[0m [0;37m.[0m [0;37m.[0m
  [0;37m7[0m  [0;32m#[0m [0;37m.[0m [0;37m.[0m [0;37m.[0m [0;37m.[0m [0;37m.[0m [0;37m.[0m [0;37m.[0m [0;37m.[0m [0;37m.[0m [0;37m.[0m
  [0;37m8[0m  [0;32m#[0m [0;37m.[0m [0;35m*[0m [0;37m.[0m [0;35m*[0m [0;37m.[0m [0;37m.[0m [0;37m.[0m [0;37m.[0m [0;37m.[0m [0;37m.[0m
  [0;37m9[0m  [0;32m#[0m [0;37m.[0m [0;35m*[0m [0;35m*[0m [0;37m.[0m [0;37m.[0m [0;37m.[0m [0;37m.[0m [0;37m.[0m [0;37m.[0m [0;37m.[0m
 [0;37m1[0m[0;37m0[0m  [0;32m#[0m [0;37m.[0m [0;37m.[0m [0;35m*[0m [0;37m.[0m [0;37m.[0m [0;37m.[0m [0;37m.[0m [0;37m.[0m [0;37m.[0m [0;37m.[0m
 [0;37m1[0m[0;37m1[0m  [0;32m#[0m [0;32m#[0m [0;32m#[0m [0;32m#[0m [0;32m#[0m [0;32m#[0m [0;32m#[0m [0;32m#[0m [0;32m#[0m [0;32m#[0m [0;32m#[0m [0;32m#[0m

iteration 23

     [0;37ma[0m [0;37mb[0m [0;37mc[0m [0;37md[0m [0;37me[0m [0;37mf[0m [0;37mg[0m [0;37mh[0m [0;37mi[0m [0;37mj[0m [0;37mk[0m
  [0;37m0[0m  [0;32m#[0m [0;32m#[0m [0;32m#[0m [0;32m#[0m [0;32m#[0m [0;32m#[0m [0;32m#[0m [0;32m#[0m [0;32m#[0m [0;32m#[0m [0;32m#[0m
  [0;37m1[0m  [0;32m#[0m [0;37m.[0m [0;37m.[0m [0;37m.[0m [0;37m.[0m [0;37m.[0m [0;37m.[0m [0;37m.[0m [0;37m.[0m [0;37m.[0m [0;37m.[0m
  [0;37m2[0m  [0;32m#[0m [0;37m.[0m [0;37m.[0m [0;37m.[0m [0;37m.[0m [0;37m.[0m [0;37m.[0m [0;37m.[0m [0;37m.[0m [0;37m.[0m [0;37m.[0m
  [0;37m3[0m  [0;32m#[0m [0;37m.[0m [0;37m.[0m [0;37m.[0m [0;37m.[0m [0;37m.[0m [0;37m.[0m [0;37m.[0m [0;37m.[0m [0;37m.[0m [0;37m.[0m
  [0;37m4[0m  [0;32m#[0m [0;37m.[0m [0;37m.[0m [0;37m.[0m [0;37m.[0m [0;37m.[0m [0;37m.[0m [0;37m.[0m [0;37m.[0m [0;37m.[0m [0;37m.[0m
  [0;37m5[0m  [0;32m#[0m [0;37m.[0m [0;37m.[0m [0;37m.[0m [0;37m.[0m [0;37m.[0m [0;37m.[0m [0;37m.[0m [0;37m.[0m [0;37m.[0m [0;37m.[0m
  [0;37m6[0m  [0;32m#[0m [0;37m.[0m [0;37m.[0m [0;37m.[0m [0;37m.[0m [0;37m.[0m [0;37m.[0m [0;37m.[0m [0;37m.[0m [0;37m.[0m [0;37m.[0m
  [0;37m7[0m  [0;32m#[0m [0;37m.[0m [0;37m.[0m [0;37m.[0m [0;37m.[0m [0;37m.[0m [0;37m.[0m [0;37m.[0m [0;37m.[0m [0;37m.[0m [0;37m.[0m
  [0;37m8[0m  [0;32m#[0m [0;37m.[0m [0;35m*[0m [0;37m.[0m [0;37m.[0m [0;37m.[0m [0;37m.[0m [0;37m.[0m [0;37m.[0m [0;37m.[0m [0;37m.[0m
  [0;37m9[0m  [0;32m#[0m [0;37m.[0m [0;35m*[0m [0;37m.[0m [0;35m*[0m [0;37m.[0m [0;37m.[0m [0;37m.[0m [0;37m.[0m [0;37m.[0m [0;37m.[0m
 [0;37m1[0m[0;37m0[0m  [0;32m#[0m [0;37m.[0m [0;35m*[0m [0;35m*[0m [0;37m.[0m [0;37m.[0m [0;37m.[0m [0;37m.[0m [0;37m.[0m [0;37m.[0m [0;37m.[0m
 [0;37m1[0m[0;37m1[0m  [0;32m#[0m [0;37m.[0m [0;37m.[0m [0;37m.[0m [0;37m.[0m [0;37m.[0m [0;37m.[0m [0;37m.[0m [0;37m.[0m [0;37m.[0m [0;37m.[0m
 [0;37m1[0m[0;37m2[0m  [0;32m#[0m [0;32m#[0m [0;32m#[0m [0;32m#[0m [0;32m#[0m [0;32m#[0m [0;32m#[0m [0;32m#[0m [0;32m#[0m [0;32m#[0m [0;32m#[0m [0;32m#[0m

iteration 24

     [0;37ma[0m [0;37mb[0m [0;37mc[0m [0;37md[0m [0;37me[0m [0;37mf[0m [0;37mg[0m [0;37mh[0m [0;37mi[0m [0;37mj[0m [0;37mk[0m
  [0;37m0[0m  [0;32m#[0m [0;32m#[0m [0;32m#[0m [0;32m#[0m [0;32m#[0m [0;32m#[0m [0;32m#[0m [0;32m#[0m [0;32m#[0m [0;32m#[0m [0;32m#[0m
  [0;37m1[0m  [0;32m#[0m [0;37m.[0m [0;37m.[0m [0;37m.[0m [0;37m.[0m [0;37m.[0m [0;37m.[0m [0;37m.[0m [0;37m.[0m [0;37m.[0m [0;37m.[0m
  [0;37m2[0m  [0;32m#[0m [0;37m.[0m [0;37m.[0m [0;37m.[0m [0;37m.[0m [0;37m.[0m [0;37m.[0m [0;37m.[0m [0;37m.[0m [0;37m.[0m [0;37m.[0m
  [0;37m3[0m  [0;32m#[0m [0;37m.[0m [0;37m.[0m [0;37m.[0m [0;37m.[0m [0;37m.[0m [0;37m.[0m [0;37m.[0m [0;37m.[0m [0;37m.[0m [0;37m.[0m
  [0;37m4[0m  [0;32m#[0m [0;37m.[0m [0;37m.[0m [0;37m.[0m [0;37m.[0m [0;37m.[0m [0;37m.[0m [0;37m.[0m [0;37m.[0m [0;37m.[0m [0;37m.[0m
  [0;37m5[0m  [0;32m#[0m [0;37m.[0m [0;37m.[0m [0;37m.[0m [0;37m.[0m [0;37m.[0m [0;37m.[0m [0;37m.[0m [0;37m.[0m [0;37m.[0m [0;37m.[0m
  [0;37m6[0m  [0;32m#[0m [0;37m.[0m [0;37m.[0m [0;37m.[0m [0;37m.[0m [0;37m.[0m [0;37m.[0m [0;37m.[0m [0;37m.[0m [0;37m.[0m [0;37m.[0m
  [0;37m7[0m  [0;32m#[0m [0;37m.[0m [0;37m.[0m [0;37m.[0m [0;37m.[0m [0;37m.[0m [0;37m.[0m [0;37m.[0m [0;37m.[0m [0;37m.[0m [0;37m.[0m
  [0;37m8[0m  [0;32m#[0m [0;37m.[0m [0;37m.[0m [0;35m*[0m [0;37m.[0m [0;37m.[0m [0;37m.[0m [0;37m.[0m [0;37m.[0m [0;37m.[0m [0;37m.[0m
  [0;37m9[0m  [0;32m#[0m [0;35m*[0m [0;35m*[0m [0;37m.[0m [0;37m.[0m [0;37m.[0m [0;37m.[0m [0;37m.[0m [0;37m.[0m [0;37m.[0m [0;37m.[0m
 [0;37m1[0m[0;37m0[0m  [0;32m#[0m [0;37m.[0m [0;35m*[0m [0;35m*[0m [0;37m.[0m [0;37m.[0m [0;37m.[0m [0;37m.[0m [0;37m.[0m [0;37m.[0m [0;37m.[0m
 [0;37m1[0m[0;37m1[0m  [0;32m#[0m [0;37m.[0m [0;37m.[0m [0;37m.[0m [0;37m.[0m [0;37m.[0m [0;37m.[0m [0;37m.[0m [0;37m.[0m [0;37m.[0m [0;37m.[0m
 [0;37m1[0m[0;37m2[0m  [0;32m#[0m [0;32m#[0m [0;32m#[0m [0;32m#[0m [0;32m#[0m [0;32m#[0m [0;32m#[0m [0;32m#[0m [0;32m#[0m [0;32m#[0m [0;32m#[0m [0;32m#[0m

iteration 25

     [0;37ma[0m [0;37mb[0m [0;37mc[0m [0;37md[0m [0;37me[0m [0;37mf[0m [0;37mg[0m [0;37mh[0m [0;37mi[0m [0;37mj[0m [0;37mk[0m [0;37ml[0m
  [0;37m0[0m  [0;32m#[0m [0;32m#[0m [0;32m#[0m [0;32m#[0m [0;32m#[0m [0;32m#[0m [0;32m#[0m [0;32m#[0m [0;32m#[0m [0;32m#[0m [0;32m#[0m [0;32m#[0m
  [0;37m1[0m  [0;32m#[0m [0;37m.[0m [0;37m.[0m [0;37m.[0m [0;37m.[0m [0;37m.[0m [0;37m.[0m [0;37m.[0m [0;37m.[0m [0;37m.[0m [0;37m.[0m [0;37m.[0m
  [0;37m2[0m  [0;32m#[0m [0;37m.[0m [0;37m.[0m [0;37m.[0m [0;37m.[0m [0;37m.[0m [0;37m.[0m [0;37m.[0m [0;37m.[0m [0;37m.[0m [0;37m.[0m [0;37m.[0m
  [0;37m3[0m  [0;32m#[0m [0;37m.[0m [0;37m.[0m [0;37m.[0m [0;37m.[0m [0;37m.[0m [0;37m.[0m [0;37m.[0m [0;37m.[0m [0;37m.[0m [0;37m.[0m [0;37m.[0m
  [0;37m4[0m  [0;32m#[0m [0;37m.[0m [0;37m.[0m [0;37m.[0m [0;37m.[0m [0;37m.[0m [0;37m.[0m [0;37m.[0m [0;37m.[0m [0;37m.[0m [0;37m.[0m [0;37m.[0m
  [0;37m5[0m  [0;32m#[0m [0;37m.[0m [0;37m.[0m [0;37m.[0m [0;37m.[0m [0;37m.[0m [0;37m.[0m [0;37m.[0m [0;37m.[0m [0;37m.[0m [0;37m.[0m [0;37m.[0m
  [0;37m6[0m  [0;32m#[0m [0;37m.[0m [0;37m.[0m [0;37m.[0m [0;37m.[0m [0;37m.[0m [0;37m.[0m [0;37m.[0m [0;37m.[0m [0;37m.[0m [0;37m.[0m [0;37m.[0m
  [0;37m7[0m  [0;32m#[0m [0;37m.[0m [0;37m.[0m [0;37m.[0m [0;37m.[0m [0;37m.[0m [0;37m.[0m [0;37m.[0m [0;37m.[0m [0;37m.[0m [0;37m.[0m [0;37m.[0m
  [0;37m8[0m  [0;32m#[0m [0;37m.[0m [0;37m.[0m [0;35m*[0m [0;37m.[0m [0;37m.[0m [0;37m.[0m [0;37m.[0m [0;37m.[0m [0;37m.[0m [0;37m.[0m [0;37m.[0m
  [0;37m9[0m  [0;32m#[0m [0;37m.[0m [0;35m*[0m [0;37m.[0m [0;37m.[0m [0;37m.[0m [0;37m.[0m [0;37m.[0m [0;37m.[0m [0;37m.[0m [0;37m.[0m [0;37m.[0m
 [0;37m1[0m[0;37m0[0m  [0;32m#[0m [0;37m.[0m [0;35m*[0m [0;35m*[0m [0;35m*[0m [0;37m.[0m [0;37m.[0m [0;37m.[0m [0;37m.[0m [0;37m.[0m [0;37m.[0m [0;37m.[0m
 [0;37m1[0m[0;37m1[0m  [0;32m#[0m [0;37m.[0m [0;37m.[0m [0;37m.[0m [0;37m.[0m [0;37m.[0m [0;37m.[0m [0;37m.[0m [0;37m.[0m [0;37m.[0m [0;37m.[0m [0;37m.[0m
 [0;37m1[0m[0;37m2[0m  [0;32m#[0m [0;32m#[0m [0;32m#[0m [0;32m#[0m [0;32m#[0m [0;32m#[0m [0;32m#[0m [0;32m#[0m [0;32m#[0m [0;32m#[0m [0;32m#[0m [0;32m#[0m [0;32m#[0m

iteration 26

     [0;37ma[0m [0;37mb[0m [0;37mc[0m [0;37md[0m [0;37me[0m [0;37mf[0m [0;37mg[0m [0;37mh[0m [0;37mi[0m [0;37mj[0m [0;37mk[0m [0;37ml[0m
  [0;37m0[0m  [0;32m#[0m [0;32m#[0m [0;32m#[0m [0;32m#[0m [0;32m#[0m [0;32m#[0m [0;32m#[0m [0;32m#[0m [0;32m#[0m [0;32m#[0m [0;32m#[0m [0;32m#[0m
  [0;37m1[0m  [0;32m#[0m [0;37m.[0m [0;37m.[0m [0;37m.[0m [0;37m.[0m [0;37m.[0m [0;37m.[0m [0;37m.[0m [0;37m.[0m [0;37m.[0m [0;37m.[0m [0;37m.[0m
  [0;37m2[0m  [0;32m#[0m [0;37m.[0m [0;37m.[0m [0;37m.[0m [0;37m.[0m [0;37m.[0m [0;37m.[0m [0;37m.[0m [0;37m.[0m [0;37m.[0m [0;37m.[0m [0;37m.[0m
  [0;37m3[0m  [0;32m#[0m [0;37m.[0m [0;37m.[0m [0;37m.[0m [0;37m.[0m [0;37m.[0m [0;37m.[0m [0;37m.[0m [0;37m.[0m [0;37m.[0m [0;37m.[0m [0;37m.[0m
  [0;37m4[0m  [0;32m#[0m [0;37m.[0m [0;37m.[0m [0;37m.[0m [0;37m.[0m [0;37m.[0m [0;37m.[0m [0;37m.[0m [0;37m.[0m [0;37m.[0m [0;37m.[0m [0;37m.[0m
  [0;37m5[0m  [0;32m#[0m [0;37m.[0m [0;37m.[0m [0;37m.[0m [0;37m.[0m [0;37m.[0m [0;37m.[0m [0;37m.[0m [0;37m.[0m [0;37m.[0m [0;37m.[0m [0;37m.[0m
  [0;37m6[0m  [0;32m#[0m [0;37m.[0m [0;37m.[0m [0;37m.[0m [0;37m.[0m [0;37m.[0m [0;37m.[0m [0;37m.[0m [0;37m.[0m [0;37m.[0m [0;37m.[0m [0;37m.[0m
  [0;37m7[0m  [0;32m#[0m [0;37m.[0m [0;37m.[0m [0;37m.[0m [0;37m.[0m [0;37m.[0m [0;37m.[0m [0;37m.[0m [0;37m.[0m [0;37m.[0m [0;37m.[0m [0;37m.[0m
  [0;37m8[0m  [0;32m#[0m [0;37m.[0m [0;37m.[0m [0;37m.[0m [0;37m.[0m [0;37m.[0m [0;37m.[0m [0;37m.[0m [0;37m.[0m [0;37m.[0m [0;37m.[0m [0;37m.[0m
  [0;37m9[0m  [0;32m#[0m [0;37m.[0m [0;35m*[0m [0;37m.[0m [0;35m*[0m [0;37m.[0m [0;37m.[0m [0;37m.[0m [0;37m.[0m [0;37m.[0m [0;37m.[0m [0;37m.[0m
 [0;37m1[0m[0;37m0[0m  [0;32m#[0m [0;37m.[0m [0;35m*[0m [0;35m*[0m [0;37m.[0m [0;37m.[0m [0;37m.[0m [0;37m.[0m [0;37m.[0m [0;37m.[0m [0;37m.[0m [0;37m.[0m
 [0;37m1[0m[0;37m1[0m  [0;32m#[0m [0;37m.[0m [0;37m.[0m [0;35m*[0m [0;37m.[0m [0;37m.[0m [0;37m.[0m [0;37m.[0m [0;37m.[0m [0;37m.[0m [0;37m.[0m [0;37m.[0m
 [0;37m1[0m[0;37m2[0m  [0;32m#[0m [0;32m#[0m [0;32m#[0m [0;32m#[0m [0;32m#[0m [0;32m#[0m [0;32m#[0m [0;32m#[0m [0;32m#[0m [0;32m#[0m [0;32m#[0m [0;32m#[0m [0;32m#[0m

iteration 27

     [0;37ma[0m [0;37mb[0m [0;37mc[0m [0;37md[0m [0;37me[0m [0;37mf[0m [0;37mg[0m [0;37mh[0m [0;37mi[0m [0;37mj[0m [0;37mk[0m [0;37ml[0m
  [0;37m0[0m  [0;32m#[0m [0;32m#[0m [0;32m#[0m [0;32m#[0m [0;32m#[0m [0;32m#[0m [0;32m#[0m [0;32m#[0m [0;32m#[0m [0;32m#[0m [0;32m#[0m [0;32m#[0m
  [0;37m1[0m  [0;32m#[0m [0;37m.[0m [0;37m.[0m [0;37m.[0m [0;37m.[0m [0;37m.[0m [0;37m.[0m [0;37m.[0m [0;37m.[0m [0;37m.[0m [0;37m.[0m [0;37m.[0m
  [0;37m2[0m  [0;32m#[0m [0;37m.[0m [0;37m.[0m [0;37m.[0m [0;37m.[0m [0;37m.[0m [0;37m.[0m [0;37m.[0m [0;37m.[0m [0;37m.[0m [0;37m.[0m [0;37m.[0m
  [0;37m3[0m  [0;32m#[0m [0;37m.[0m [0;37m.[0m [0;37m.[0m [0;37m.[0m [0;37m.[0m [0;37m.[0m [0;37m.[0m [0;37m.[0m [0;37m.[0m [0;37m.[0m [0;37m.[0m
  [0;37m4[0m  [0;32m#[0m [0;37m.[0m [0;37m.[0m [0;37m.[0m [0;37m.[0m [0;37m.[0m [0;37m.[0m [0;37m.[0m [0;37m.[0m [0;37m.[0m [0;37m.[0m [0;37m.[0m
  [0;37m5[0m  [0;32m#[0m [0;37m.[0m [0;37m.[0m [0;37m.[0m [0;37m.[0m [0;37m.[0m [0;37m.[0m [0;37m.[0m [0;37m.[0m [0;37m.[0m [0;37m.[0m [0;37m.[0m
  [0;37m6[0m  [0;32m#[0m [0;37m.[0m [0;37m.[0m [0;37m.[0m [0;37m.[0m [0;37m.[0m [0;37m.[0m [0;37m.[0m [0;37m.[0m [0;37m.[0m [0;37m.[0m [0;37m.[0m
  [0;37m7[0m  [0;32m#[0m [0;37m.[0m [0;37m.[0m [0;37m.[0m [0;37m.[0m [0;37m.[0m [0;37m.[0m [0;37m.[0m [0;37m.[0m [0;37m.[0m [0;37m.[0m [0;37m.[0m
  [0;37m8[0m  [0;32m#[0m [0;37m.[0m [0;37m.[0m [0;37m.[0m [0;37m.[0m [0;37m.[0m [0;37m.[0m [0;37m.[0m [0;37m.[0m [0;37m.[0m [0;37m.[0m [0;37m.[0m
  [0;37m9[0m  [0;32m#[0m [0;37m.[0m [0;35m*[0m [0;37m.[0m [0;37m.[0m [0;37m.[0m [0;37m.[0m [0;37m.[0m [0;37m.[0m [0;37m.[0m [0;37m.[0m [0;37m.[0m
 [0;37m1[0m[0;37m0[0m  [0;32m#[0m [0;37m.[0m [0;35m*[0m [0;37m.[0m [0;35m*[0m [0;37m.[0m [0;37m.[0m [0;37m.[0m [0;37m.[0m [0;37m.[0m [0;37m.[0m [0;37m.[0m
 [0;37m1[0m[0;37m1[0m  [0;32m#[0m [0;37m.[0m [0;35m*[0m [0;35m*[0m [0;37m.[0m [0;37m.[0m [0;37m.[0m [0;37m.[0m [0;37m.[0m [0;37m.[0m [0;37m.[0m [0;37m.[0m
 [0;37m1[0m[0;37m2[0m  [0;32m#[0m [0;37m.[0m [0;37m.[0m [0;37m.[0m [0;37m.[0m [0;37m.[0m [0;37m.[0m [0;37m.[0m [0;37m.[0m [0;37m.[0m [0;37m.[0m [0;37m.[0m
 [0;37m1[0m[0;37m3[0m  [0;32m#[0m [0;32m#[0m [0;32m#[0m [0;32m#[0m [0;32m#[0m [0;32m#[0m [0;32m#[0m [0;32m#[0m [0;32m#[0m [0;32m#[0m [0;32m#[0m [0;32m#[0m [0;32m#[0m

iteration 28

     [0;37ma[0m [0;37mb[0m [0;37mc[0m [0;37md[0m [0;37me[0m [0;37mf[0m [0;37mg[0m [0;37mh[0m [0;37mi[0m [0;37mj[0m [0;37mk[0m [0;37ml[0m
  [0;37m0[0m  [0;32m#[0m [0;32m#[0m [0;32m#[0m [0;32m#[0m [0;32m#[0m [0;32m#[0m [0;32m#[0m [0;32m#[0m [0;32m#[0m [0;32m#[0m [0;32m#[0m [0;32m#[0m
  [0;37m1[0m  [0;32m#[0m [0;37m.[0m [0;37m.[0m [0;37m.[0m [0;37m.[0m [0;37m.[0m [0;37m.[0m [0;37m.[0m [0;37m.[0m [0;37m.[0m [0;37m.[0m [0;37m.[0m
  [0;37m2[0m  [0;32m#[0m [0;37m.[0m [0;37m.[0m [0;37m.[0m [0;37m.[0m [0;37m.[0m [0;37m.[0m [0;37m.[0m [0;37m.[0m [0;37m.[0m [0;37m.[0m [0;37m.[0m
  [0;37m3[0m  [0;32m#[0m [0;37m.[0m [0;37m.[0m [0;37m.[0m [0;37m.[0m [0;37m.[0m [0;37m.[0m [0;37m.[0m [0;37m.[0m [0;37m.[0m [0;37m.[0m [0;37m.[0m
  [0;37m4[0m  [0;32m#[0m [0;37m.[0m [0;37m.[0m [0;37m.[0m [0;37m.[0m [0;37m.[0m [0;37m.[0m [0;37m.[0m [0;37m.[0m [0;37m.[0m [0;37m.[0m [0;37m.[0m
  [0;37m5[0m  [0;32m#[0m [0;37m.[0m [0;37m.[0m [0;37m.[0m [0;37m.[0m [0;37m.[0m [0;37m.[0m [0;37m.[0m [0;37m.[0m [0;37m.[0m [0;37m.[0m [0;37m.[0m
  [0;37m6[0m  [0;32m#[0m [0;37m.[0m [0;37m.[0m [0;37m.[0m [0;37m.[0m [0;37m.[0m [0;37m.[0m [0;37m.[0m [0;37m.[0m [0;37m.[0m [0;37m.[0m [0;37m.[0m
  [0;37m7[0m  [0;32m#[0m [0;37m.[0m [0;37m.[0m [0;37m.[0m [0;37m.[0m [0;37m.[0m [0;37m.[0m [0;37m.[0m [0;37m.[0m [0;37m.[0m [0;37m.[0m [0;37m.[0m
  [0;37m8[0m  [0;32m#[0m [0;37m.[0m [0;37m.[0m [0;37m.[0m [0;37m.[0m [0;37m.[0m [0;37m.[0m [0;37m.[0m [0;37m.[0m [0;37m.[0m [0;37m.[0m [0;37m.[0m
  [0;37m9[0m  [0;32m#[0m [0;37m.[0m [0;37m.[0m [0;35m*[0m [0;37m.[0m [0;37m.[0m [0;37m.[0m [0;37m.[0m [0;37m.[0m [0;37m.[0m [0;37m.[0m [0;37m.[0m
 [0;37m1[0m[0;37m0[0m  [0;32m#[0m [0;35m*[0m [0;35m*[0m [0;37m.[0m [0;37m.[0m [0;37m.[0m [0;37m.[0m [0;37m.[0m [0;37m.[0m [0;37m.[0m [0;37m.[0m [0;37m.[0m
 [0;37m1[0m[0;37m1[0m  [0;32m#[0m [0;37m.[0m [0;35m*[0m [0;35m*[0m [0;37m.[0m [0;37m.[0m [0;37m.[0m [0;37m.[0m [0;37m.[0m [0;37m.[0m [0;37m.[0m [0;37m.[0m
 [0;37m1[0m[0;37m2[0m  [0;32m#[0m [0;37m.[0m [0;37m.[0m [0;37m.[0m [0;37m.[0m [0;37m.[0m [0;37m.[0m [0;37m.[0m [0;37m.[0m [0;37m.[0m [0;37m.[0m [0;37m.[0m
 [0;37m1[0m[0;37m3[0m  [0;32m#[0m [0;32m#[0m [0;32m#[0m [0;32m#[0m [0;32m#[0m [0;32m#[0m [0;32m#[0m [0;32m#[0m [0;32m#[0m [0;32m#[0m [0;32m#[0m [0;32m#[0m [0;32m#[0m

iteration 29

     [0;37ma[0m [0;37mb[0m [0;37mc[0m [0;37md[0m [0;37me[0m [0;37mf[0m [0;37mg[0m [0;37mh[0m [0;37mi[0m [0;37mj[0m [0;37mk[0m [0;37ml[0m [0;37mm[0m
  [0;37m0[0m  [0;32m#[0m [0;32m#[0m [0;32m#[0m [0;32m#[0m [0;32m#[0m [0;32m#[0m [0;32m#[0m [0;32m#[0m [0;32m#[0m [0;32m#[0m [0;32m#[0m [0;32m#[0m [0;32m#[0m
  [0;37m1[0m  [0;32m#[0m [0;37m.[0m [0;37m.[0m [0;37m.[0m [0;37m.[0m [0;37m.[0m [0;37m.[0m [0;37m.[0m [0;37m.[0m [0;37m.[0m [0;37m.[0m [0;37m.[0m [0;37m.[0m
  [0;37m2[0m  [0;32m#[0m [0;37m.[0m [0;37m.[0m [0;37m.[0m [0;37m.[0m [0;37m.[0m [0;37m.[0m [0;37m.[0m [0;37m.[0m [0;37m.[0m [0;37m.[0m [0;37m.[0m [0;37m.[0m
  [0;37m3[0m  [0;32m#[0m [0;37m.[0m [0;37m.[0m [0;37m.[0m [0;37m.[0m [0;37m.[0m [0;37m.[0m [0;37m.[0m [0;37m.[0m [0;37m.[0m [0;37m.[0m [0;37m.[0m [0;37m.[0m
  [0;37m4[0m  [0;32m#[0m [0;37m.[0m [0;37m.[0m [0;37m.[0m [0;37m.[0m [0;37m.[0m [0;37m.[0m [0;37m.[0m [0;37m.[0m [0;37m.[0m [0;37m.[0m [0;37m.[0m [0;37m.[0m
  [0;37m5[0m  [0;32m#[0m [0;37m.[0m [0;37m.[0m [0;37m.[0m [0;37m.[0m [0;37m.[0m [0;37m.[0m [0;37m.[0m [0;37m.[0m [0;37m.[0m [0;37m.[0m [0;37m.[0m [0;37m.[0m
  [0;37m6[0m  [0;32m#[0m [0;37m.[0m [0;37m.[0m [0;37m.[0m [0;37m.[0m [0;37m.[0m [0;37m.[0m [0;37m.[0m [0;37m.[0m [0;37m.[0m [0;37m.[0m [0;37m.[0m [0;37m.[0m
  [0;37m7[0m  [0;32m#[0m [0;37m.[0m [0;37m.[0m [0;37m.[0m [0;37m.[0m [0;37m.[0m [0;37m.[0m [0;37m.[0m [0;37m.[0m [0;37m.[0m [0;37m.[0m [0;37m.[0m [0;37m.[0m
  [0;37m8[0m  [0;32m#[0m [0;37m.[0m [0;37m.[0m [0;37m.[0m [0;37m.[0m [0;37m.[0m [0;37m.[0m [0;37m.[0m [0;37m.[0m [0;37m.[0m [0;37m.[0m [0;37m.[0m [0;37m.[0m
  [0;37m9[0m  [0;32m#[0m [0;37m.[0m [0;37m.[0m [0;35m*[0m [0;37m.[0m [0;37m.[0m [0;37m.[0m [0;37m.[0m [0;37m.[0m [0;37m.[0m [0;37m.[0m [0;37m.[0m [0;37m.[0m
 [0;37m1[0m[0;37m0[0m  [0;32m#[0m [0;37m.[0m [0;35m*[0m [0;37m.[0m [0;37m.[0m [0;37m.[0m [0;37m.[0m [0;37m.[0m [0;37m.[0m [0;37m.[0m [0;37m.[0m [0;37m.[0m [0;37m.[0m
 [0;37m1[0m[0;37m1[0m  [0;32m#[0m [0;37m.[0m [0;35m*[0m [0;35m*[0m [0;35m*[0m [0;37m.[0m [0;37m.[0m [0;37m.[0m [0;37m.[0m [0;37m.[0m [0;37m.[0m [0;37m.[0m [0;37m.[0m
 [0;37m1[0m[0;37m2[0m  [0;32m#[0m [0;37m.[0m [0;37m.[0m [0;37m.[0m [0;37m.[0m [0;37m.[0m [0;37m.[0m [0;37m.[0m [0;37m.[0m [0;37m.[0m [0;37m.[0m [0;37m.[0m [0;37m.[0m
 [0;37m1[0m[0;37m3[0m  [0;32m#[0m [0;32m#[0m [0;32m#[0m [0;32m#[0m [0;32m#[0m [0;32m#[0m [0;32m#[0m [0;32m#[0m [0;32m#[0m [0;32m#[0m [0;32m#[0m [0;32m#[0m [0;32m#[0m [0;32m#[0m

iteration 30

     [0;37ma[0m [0;37mb[0m [0;37mc[0m [0;37md[0m [0;37me[0m [0;37mf[0m [0;37mg[0m [0;37mh[0m [0;37mi[0m [0;37mj[0m [0;37mk[0m [0;37ml[0m [0;37mm[0m
  [0;37m0[0m  [0;32m#[0m [0;32m#[0m [0;32m#[0m [0;32m#[0m [0;32m#[0m [0;32m#[0m [0;32m#[0m [0;32m#[0m [0;32m#[0m [0;32m#[0m [0;32m#[0m [0;32m#[0m [0;32m#[0m
  [0;37m1[0m  [0;32m#[0m [0;37m.[0m [0;37m.[0m [0;37m.[0m [0;37m.[0m [0;37m.[0m [0;37m.[0m [0;37m.[0m [0;37m.[0m [0;37m.[0m [0;37m.[0m [0;37m.[0m [0;37m.[0m
  [0;37m2[0m  [0;32m#[0m [0;37m.[0m [0;37m.[0m [0;37m.[0m [0;37m.[0m [0;37m.[0m [0;37m.[0m [0;37m.[0m [0;37m.[0m [0;37m.[0m [0;37m.[0m [0;37m.[0m [0;37m.[0m
  [0;37m3[0m  [0;32m#[0m [0;37m.[0m [0;37m.[0m [0;37m.[0m [0;37m.[0m [0;37m.[0m [0;37m.[0m [0;37m.[0m [0;37m.[0m [0;37m.[0m [0;37m.[0m [0;37m.[0m [0;37m.[0m
  [0;37m4[0m  [0;32m#[0m [0;37m.[0m [0;37m.[0m [0;37m.[0m [0;37m.[0m [0;37m.[0m [0;37m.[0m [0;37m.[0m [0;37m.[0m [0;37m.[0m [0;37m.[0m [0;37m.[0m [0;37m.[0m
  [0;37m5[0m  [0;32m#[0m [0;37m.[0m [0;37m.[0m [0;37m.[0m [0;37m.[0m [0;37m.[0m [0;37m.[0m [0;37m.[0m [0;37m.[0m [0;37m.[0m [0;37m.[0m [0;37m.[0m [0;37m.[0m
  [0;37m6[0m  [0;32m#[0m [0;37m.[0m [0;37m.[0m [0;37m.[0m [0;37m.[0m [0;37m.[0m [0;37m.[0m [0;37m.[0m [0;37m.[0m [0;37m.[0m [0;37m.[0m [0;37m.[0m [0;37m.[0m
  [0;37m7[0m  [0;32m#[0m [0;37m.[0m [0;37m.[0m [0;37m.[0m [0;37m.[0m [0;37m.[0m [0;37m.[0m [0;37m.[0m [0;37m.[0m [0;37m.[0m [0;37m.[0m [0;37m.[0m [0;37m.[0m
  [0;37m8[0m  [0;32m#[0m [0;37m.[0m [0;37m.[0m [0;37m.[0m [0;37m.[0m [0;37m.[0m [0;37m.[0m [0;37m.[0m [0;37m.[0m [0;37m.[0m [0;37m.[0m [0;37m.[0m [0;37m.[0m
  [0;37m9[0m  [0;32m#[0m [0;37m.[0m [0;37m.[0m [0;37m.[0m [0;37m.[0m [0;37m.[0m [0;37m.[0m [0;37m.[0m [0;37m.[0m [0;37m.[0m [0;37m.[0m [0;37m.[0m [0;37m.[0m
 [0;37m1[0m[0;37m0[0m  [0;32m#[0m [0;37m.[0m [0;35m*[0m [0;37m.[0m [0;35m*[0m [0;37m.[0m [0;37m.[0m [0;37m.[0m [0;37m.[0m [0;37m.[0m [0;37m.[0m [0;37m.[0m [0;37m.[0m
 [0;37m1[0m[0;37m1[0m  [0;32m#[0m [0;37m.[0m [0;35m*[0m [0;35m*[0m [0;37m.[0m [0;37m.[0m [0;37m.[0m [0;37m.[0m [0;37m.[0m [0;37m.[0m [0;37m.[0m [0;37m.[0m [0;37m.[0m
 [0;37m1[0m[0;37m2[0m  [0;32m#[0m [0;37m.[0m [0;37m.[0m [0;35m*[0m [0;37m.[0m [0;37m.[0m [0;37m.[0m [0;37m.[0m [0;37m.[0m [0;37m.[0m [0;37m.[0m [0;37m.[0m [0;37m.[0m
 [0;37m1[0m[0;37m3[0m  [0;32m#[0m [0;32m#[0m [0;32m#[0m [0;32m#[0m [0;32m#[0m [0;32m#[0m [0;32m#[0m [0;32m#[0m [0;32m#[0m [0;32m#[0m [0;32m#[0m [0;32m#[0m [0;32m#[0m [0;32m#[0m

