0 (-4,4) 
 . . 
 . . 
1 (-4,4) pass
 . . 
 . . 
2 (-4,0) 
 o . 
 . . 
3 (-4,0) pass
 o . 
 . . 
3 (-4,0) 
 o * 
 . . 
3 (-4,0) 
 o . 
 * . 
3 (-4,0) 
 o . 
 . * 
2 (-4,-1) 
 . o 
 . . 
3 (-4,-1) pass
 . o 
 . . 
3 (-4,-1) 
 * o 
 . . 
3 (-4,-1) 
 . o 
 * . 
2 (-4,-1) 
 . . 
 o . 
3 (-4,-1) pass
 . . 
 o . 
3 (-4,-1) 
 * . 
 o . 
3 (-4,-1) 
 . * 
 o . 
2 (-4,-1) 
 . . 
 . o 
3 (-4,-1) pass
 . . 
 . o 
3 (-4,-1) 
 * . 
 . o 
1 (-1,4) 
 * . 
 . . 
2 (-1,4) pass
 * . 
 . . 
2 (-1,4) 
 * o 
 . . 
3 (-1,4) pass
 * o 
 . . 
3 (-1,4) 
 * o 
 * . 
3 (1,4) 
 * . 
 . * 
2 (-1,4) 
 * . 
 o . 
3 (-1,4) pass
 * . 
 o . 
3 (-1,4) 
 * * 
 o . 
3 (1,4) 
 * . 
 . * 
2 (-1,4) 
 * . 
 . o 
3 (-1,4) pass
 * . 
 . o 
3 (-1,4) 
 * * 
 . o 
3 (1,4) 
 * . 
 * o 
1 (1,4) 
 . * 
 . . 
2 (1,4) pass
 . * 
 . . 
2 (1,4) 
 o * 
 . . 
3 (1,4) pass
 o * 
 . . 
3 (1,4) 
 . * 
 * . 
2 (1,4) 
 . * 
 o . 
3 (1,4) pass
 . * 
 o . 
3 (1,4) 
 * * 
 o . 
3 (1,4) 
 . * 
 o * 
1 (1,4) 
 . . 
 * . 
2 (1,4) pass
 . . 
 * . 
2 (1,4) 
 o . 
 * . 
3 (1,4) pass
 o . 
 * . 
3 (1,4) 
 . * 
 * . 
2 (1,4) 
 . o 
 * . 
3 (1,4) pass
 . o 
 * . 
3 (1,4) 
 * o 
 * . 
3 (1,4) 
 . o 
 * * 
1 (1,4) 
 . . 
 . * 
2 (1,4) pass
 . . 
 . * 
2 (1,4) 
 o . 
 . * 
3 (1,4) pass
 o . 
 . * 
3 (1,4) 
 o * 
 . * 
3 (1,4) 
 o . 
 * * 
0: 1
1: 5
2: 16
3: 34
4: 42
5: 40
6: 53
7: 79
8: 110
9: 144
10: 147
11: 97
12: 56
13: 68
14: 102
15: 139
16: 138
17: 78
18: 32
19: 13
20: 13
21: 26
22: 13
total: 1446
ngames: 723
x wins by 1
