0 (-4,4) 
 . . 
 . . 
1 (-4,4) 
 X . 
 . . 
2 (-4,4) 
 X O 
 . . 
3 (-4,4) 
 X O 
 X . 
3 (1,4) 
 X . 
 . X 
2 (-4,4) 
 X . 
 O . 
3 (-4,4) 
 X X 
 O . 
3 (1,4) 
 X . 
 . X 
2 (-4,4) 
 X . 
 . O 
3 (-4,4) 
 X X 
 . O 
3 (1,4) 
 X . 
 X O 
3 (1,4) pass
 X . 
 . O 
2 (-4,1) pass
 X . 
 . . 
3 (-4,1) 
 X X 
 . . 
3 (-1,1) 
 X . 
 X . 
3 (-1,1) 
 X . 
 . X 
1 (1,4) 
 . X 
 . . 
2 (1,4) 
 O X 
 . . 
3 (1,4) 
 . X 
 X . 
2 (1,4) 
 . X 
 O . 
3 (1,4) 
 X X 
 O . 
3 (1,4) 
 . X 
 O X 
3 (1,4) pass
 . X 
 O . 
1 (1,4) 
 . . 
 X . 
2 (1,4) 
 O . 
 X . 
3 (1,4) 
 . X 
 X . 
2 (1,4) 
 . O 
 X . 
3 (1,4) 
 X O 
 X . 
3 (1,4) 
 . O 
 X X 
3 (1,4) pass
 . O 
 X . 
1 (1,4) 
 . . 
 . X 
2 (1,4) 
 O . 
 . X 
3 (1,4) 
 O X 
 . X 
3 (1,4) 
 O . 
 X X 
3 (1,4) pass
 O . 
 . X 
1 (1,4) pass
 . . 
 . . 
2 (1,4) 
 O . 
 . . 
3 (1,4) 
 O X 
 . . 
3 (1,4) 
 O . 
 X . 
3 (1,4) 
 O . 
 . X 
3 (1,4) pass
 O . 
 . . 
0: 1
1: 5
2: 10
3: 25
4: 30
5: 68
6: 80
7: 153
8: 170
9: 278
10: 342
11: 539
12: 693
13: 1193
14: 1468
15: 2371
16: 2937
17: 4787
18: 5868
19: 8880
20: 11123
21: 16932
22: 21260
23: 32051
24: 38120
25: 56153
26: 68839
27: 100850
28: 118455
29: 162486
30: 193025
31: 265136
32: 308094
33: 399760
34: 452209
35: 569933
36: 643134
37: 788049
38: 847190
39: 974121
40: 1031745
41: 1189496
42: 1206026
43: 1273779
44: 1221020
45: 1272334
46: 1187000
47: 1134348
48: 910320
49: 817785
50: 660095
51: 544511
52: 327278
53: 235975
54: 147481
55: 97901
56: 30732
57: 12031
58: 854
total: 19397529
ngames: 5303139
x wins by 1
