 N N N N N N 
W 0 1 2 3 4 E
 W 5 6 7 8 9 E
  W 10 11 12 13 14 E
   W 15 16 17 18 19 E
    W 20 21 22 23 24 E
     S S S S S S 

dest 0
 1 full set()
 5 full set()
 N full set()
 2 semi {1}
10 semi {5}
 6 full {1, 5}
 7 semi {1, 2, 6}
11 semi {10, 5, 6}
 7 semi {1, 5, 6}
11 semi {1, 5, 6}
 3 semi {1, 2, 5, 6, 7}
12 semi {1, 5, 6, 7, 11}
15 semi {1, 5, 6, 10, 11}
 8 semi {1, 5, 6, 7, 11}
13 semi {1, 5, 6, 7, 11}
16 semi {1, 5, 6, 7, 11}
17 semi {1, 5, 6, 7, 11}
 3 semi {1, 5, 6, 7, 8, 11}
 9 semi {1, 5, 6, 7, 8, 11, 13}
15 semi {16, 1, 5, 6, 7, 11}
 3 semi {1, 2, 6, 7, 8, 11}
15 semi {16, 5, 6, 7, 10, 11}

dest 1
 0 full set()
 2 full set()
 5 full set()
 6 full set()
 N full set()
11 semi {6}
 7 full {2, 6}
10 full {5, 6}
 8 semi {2, 3, 7}
12 semi {11, 6, 7}
15 semi {10, 11, 6}
 8 semi {2, 6, 7}
12 semi {2, 6, 7}
13 semi {2, 6, 7}
16 semi {2, 6, 7}
17 semi {2, 6, 7}
 4 semi {2, 3, 6, 7, 8}
15 semi {10, 5, 6}
16 semi {5, 6, 10, 11, 15}
 8 semi {11, 6, 7}
13 semi {11, 6, 7}
16 semi {11, 6, 7}
17 semi {11, 6, 7}
 9 semi {6, 7, 8, 11, 13}
15 semi {16, 11, 6, 7}
18 semi {6, 7, 11, 13, 17}
21 semi {6, 7, 11, 16, 17}
 9 semi {2, 6, 7, 8, 13}
18 semi {2, 6, 7, 13, 17}
21 semi {2, 6, 7, 16, 17}
 3 full {2, 6, 7, 8, 11}
 9 semi {2, 3, 4, 6, 7, 8, 11}

dest 2
 1 full set()
 3 full set()
 6 full set()
 7 full set()
 N full set()
 0 semi {1}
 4 semi {3}
10 semi {6}
12 semi {7}
 5 full {1, 6}
 8 full {3, 7}
11 full {6, 7}
 9 semi {8, 3, 4}
15 semi {10, 11, 6}
13 semi {7}
16 semi {7}
17 semi {7}
 9 semi {8, 3, 7}
14 semi {3, 7, 8, 9, 13}
15 semi {11, 6, 7}
20 semi {6, 7, 11, 15, 16}
 9 semi {8, 13, 7}
15 semi {16, 11, 7}
18 semi {17, 13, 7}
21 semi {16, 17, 7}
 S semi {6, 7, 11, 15, 16, 17, 20, 21, 22}

dest 3
 2 full set()
 4 full set()
 7 full set()
 8 full set()
 N full set()
 6 full {2, 7}
 9 full {8, 4}
12 full {8, 7}
 5 semi {1, 2, 6}
 5 semi {2, 6, 7}
10 semi {2, 6, 7}
 0 semi {1, 2, 5, 6, 7}
10 semi {11, 6, 7}
14 semi {8, 9, 13}
14 semi {8, 9, 4}
11 full {8, 7}
13 full {8, 7}
16 full {8, 7}
17 full {8, 7}
 6 full {8, 11, 7}
 9 full {8, 13, 7}
18 full {8, 17, 13, 7}
 5 semi {8, 11, 6, 7}
 0 semi {1, 5, 6, 7, 8, 11}
15 semi {16, 11, 7}
21 semi {16, 17, 7}
15 semi {16, 8, 11}
21 semi {16, 17, 8}
10 semi {8, 11, 7}
15 semi {8, 11, 7}
14 semi {8, 13, 7}
19 semi {7, 8, 13, 14, 18}
15 semi {8, 16, 7}
20 semi {8, 16, 7}
21 semi {8, 16, 7}
 S semi {7, 8, 16, 20, 21}
21 semi {8, 17, 7}
22 semi {8, 17, 7}
23 semi {7, 8, 17, 18, 22}
 S semi {7, 8, 17, 21, 22}
19 semi {7, 8, 13, 17, 18}
23 semi {7, 8, 13, 17, 18}
 1 full {2, 6, 7, 8, 11}
 0 semi {1, 2, 6, 7, 8, 11}
19 semi {17, 18, 4, 8, 9, 13, 14}

dest 4
 3 full set()
 8 full set()
 9 full set()
 N full set()
 2 semi {3}
12 semi {8}
14 semi {9}
 7 full {8, 3}
13 full {8, 9}
 6 semi {2, 3, 7}
 6 semi {8, 3, 7}
 1 semi {2, 3, 6, 7, 8}
10 semi {3, 6, 7, 8, 11}
11 semi {8}
16 semi {8}
17 semi {8}
18 semi {9, 13, 14}
18 semi {8, 9, 13}
19 semi {8, 9, 13, 14, 18}
22 semi {8, 9, 13, 17, 18}
 6 semi {8, 11, 7}
15 semi {16, 8, 11}
18 semi {8, 17, 13}
21 semi {16, 17, 8}
 S semi {8, 9, 13, 16, 18, 20, 21, 22, 23}
 S semi {8, 9, 13, 16, 17, 18, 20, 21, 22}

dest 5
 0 full set()
 1 full set()
 6 full set()
10 full set()
 7 semi {6}
 2 full {1, 6}
 N full {0, 1}
11 full {10, 6}
 3 semi {1, 2, 6}
 8 semi {1, 2, 3, 6, 7}
 3 semi {2, 6, 7}
12 semi {11, 6, 7}
16 semi {10, 11, 15}
12 semi {10, 11, 6}
16 semi {10, 11, 6}
 8 semi {10, 11, 6}
13 semi {10, 11, 6}
17 semi {10, 11, 6}
20 semi {6, 10, 11, 15, 16}
 8 semi {11, 6, 7}
13 semi {11, 6, 7}
16 semi {11, 6, 7}
17 semi {11, 6, 7}
 3 semi {8, 11, 6, 7}
 9 semi {6, 7, 8, 11, 13}
18 semi {6, 7, 11, 13, 17}
21 semi {6, 7, 11, 16, 17}
 9 semi {6, 8, 10, 11, 13}
18 semi {6, 10, 11, 13, 17}
21 semi {6, 10, 11, 16, 17}
 S semi {6, 10, 11, 15, 16, 17, 20, 21, 22}
15 full {16, 6, 7, 10, 11}
21 semi {16, 20, 6, 7, 10, 11, 15}
 S semi {6, 7, 10, 11, 15, 16, 17, 20, 21}

dest 6
 1 full set()
 2 full set()
 5 full set()
 7 full set()
10 full set()
11 full set()
 0 full {1, 5}
 3 full {2, 7}
 N full {1, 2}
12 full {11, 7}
15 full {10, 11}
 4 semi {2, 3, 7}
 4 semi {8, 3, 7}
20 semi {16, 11, 15}
20 semi {10, 11, 15}
 8 full {11, 7}
13 full {11, 7}
16 full {11, 7}
17 full {11, 7}
 3 full {8, 11, 7}
 9 full {8, 11, 13, 7}
15 full {16, 11, 7}
18 full {17, 11, 13, 7}
21 full {16, 17, 11, 7}
 4 semi {8, 11, 7}
 S semi {16, 17, 20, 21, 22, 11, 15}
14 semi {11, 13, 7}
19 semi {7, 11, 13, 14, 18}
20 semi {16, 11, 7}
 S semi {7, 11, 16, 20, 21}
22 semi {17, 11, 7}
23 semi {7, 11, 17, 18, 22}
 S semi {7, 11, 17, 21, 22}
19 semi {7, 11, 13, 17, 18}
23 semi {7, 11, 13, 17, 18}
 S semi {7, 11, 16, 17, 21}
 S semi {16, 17, 20, 21, 10, 11, 15}

dest 7
 2 full set()
 3 full set()
 6 full set()
 8 full set()
11 full set()
12 full set()
 5 semi {6}
13 full set()
16 full set()
17 full set()
 1 full {2, 6}
 4 full {8, 3}
 N full {2, 3}
10 full {11, 6}
 0 semi {1, 2, 6}
 0 semi {1, 5, 6}
14 semi {13}
19 semi {18, 13, 14}
20 semi {16}
22 semi {17}
23 semi {17, 18, 22}
 9 full {8, 13}
15 full {16, 11}
18 full {17, 13}
21 full {16, 17}
19 semi {17, 18, 13}
23 semi {17, 18, 13}
24 semi {13, 17, 18, 19, 23}
 S semi {16, 17, 20, 21, 11, 15}

dest 8
 3 full set()
 4 full set()
 7 full set()
 9 full set()
12 full set()
13 full set()
11 full set()
16 full set()
17 full set()
 2 full {3, 7}
 N full {3, 4}
14 full {9, 13}
 1 semi {2, 3, 7}
 5 semi {1, 2, 3, 6, 7}
 1 semi {2, 6, 7}
10 semi {11}
 5 semi {10, 11, 6}
19 semi {18, 13, 14}
19 semi {9, 13, 14}
23 semi {9, 13, 14, 18, 19}
20 semi {16}
22 semi {17}
23 semi {17, 18, 22}
 6 full {11, 7}
15 full {16, 11}
18 full {17, 13}
21 full {16, 17}
 1 semi {11, 6, 7}
 5 semi {11, 6, 7}
 0 semi {1, 5, 6, 7, 11}
19 semi {17, 18, 13}
23 semi {17, 18, 13}
24 semi {13, 17, 18, 19, 23}
 S semi {16, 17, 20, 21, 11, 15}

dest 9
 4 full set()
 8 full set()
13 full set()
14 full set()
 3 full {8, 4}
12 full {8, 13}
18 full {13, 14}
 2 semi {8, 3, 4}
 2 semi {8, 3, 7}
22 semi {17, 18, 13}
23 semi {18, 19, 14}
22 semi {18, 13, 14}
23 semi {18, 13, 14}
24 semi {13, 14, 18, 19, 23}
 S semi {13, 14, 18, 22, 23}
 7 full {8, 13}
11 full {8, 13}
16 full {8, 13}
17 full {8, 13}
 3 full {8, 13, 7}
 6 full {8, 11, 13, 7}
18 full {8, 17, 13}
 1 semi {6, 7, 8, 11, 13}
 5 semi {6, 7, 8, 11, 13}
 0 semi {1, 5, 6, 7, 8, 11, 13}
 2 semi {8, 13, 7}
 1 semi {2, 6, 7, 8, 13}
15 semi {16, 8, 11}
21 semi {16, 17, 8}
10 semi {8, 11, 13}
15 semi {8, 11, 13}
 5 semi {6, 8, 10, 11, 13}
15 semi {16, 11, 13}
21 semi {16, 17, 13}
 S semi {16, 18, 20, 21, 22, 23, 13}
 S semi {16, 17, 18, 20, 21, 22, 13}
15 semi {8, 16, 13}
20 semi {8, 16, 13}
21 semi {8, 16, 13}
 S semi {8, 13, 16, 20, 21}
21 semi {8, 17, 13}
22 semi {8, 17, 13}
 S semi {8, 13, 17, 21, 22}
23 semi {8, 17, 18, 13}
24 semi {17, 18, 19, 23, 8, 13}
 S semi {17, 18, 22, 23, 8, 13}
 N full {3, 4, 7, 8, 13}
 N full {1, 2, 4, 6, 7, 8, 11, 13}
19 full {17, 18, 8, 13, 14}
 1 semi {2, 3, 4, 6, 7, 8, 11}
24 semi {17, 18, 19, 8, 13, 14}

dest 10
 5 full set()
 6 full set()
11 full set()
15 full set()
 0 semi {5}
 2 semi {6}
12 semi {11}
20 semi {15}
 1 full {5, 6}
 7 full {11, 6}
16 full {11, 15}
 3 semi {2, 6, 7}
 3 semi {11, 6, 7}
 4 semi {3, 6, 7, 8, 11}
 8 semi {11}
13 semi {11}
17 semi {11}
21 semi {16, 20, 15}
21 semi {16, 11, 15}
22 semi {11, 15, 16, 17, 21}
 S semi {11, 15, 16, 20, 21}
 N full {0, 1, 2, 3, 5, 6, 7, 11}
 3 semi {8, 11, 7}
 9 semi {8, 11, 13}
18 semi {17, 11, 13}
21 semi {16, 17, 11}

dest 11
 6 full set()
 7 full set()
10 full set()
12 full set()
15 full set()
16 full set()
 1 semi {6}
 8 full set()
13 full set()
17 full set()
 2 full {6, 7}
 5 full {10, 6}
20 full {16, 15}
 0 semi {10, 5, 6}
 0 semi {1, 5, 6}
 4 semi {8}
14 semi {13}
19 semi {18, 13, 14}
22 semi {17}
23 semi {17, 18, 22}
 3 full {8, 7}
 9 full {8, 13}
18 full {17, 13}
21 full {16, 17}
 N full {2, 3, 4, 6, 7, 8}
 N full {0, 1, 2, 3, 5, 6, 7, 10}
 N full {0, 1, 3, 4, 5, 6, 8, 10}
 N full {1, 2, 3, 4, 6, 8}
 S full {16, 17, 20, 21, 22, 15}
19 semi {17, 18, 13}
23 semi {17, 18, 13}
24 semi {13, 17, 18, 19, 23}

dest 12
 7 full set()
 8 full set()
11 full set()
13 full set()
16 full set()
17 full set()
 2 semi {7}
 4 semi {8}
10 semi {11}
14 semi {13}
20 semi {16}
22 semi {17}
 3 full {8, 7}
 6 full {11, 7}
 9 full {8, 13}
15 full {16, 11}
18 full {17, 13}
21 full {16, 17}
 1 semi {11, 6, 7}
 5 semi {11, 6, 7}
 0 semi {1, 5, 6, 7, 11}
 1 semi {2, 6, 7}
 5 semi {10, 11, 6}
19 semi {18, 13, 14}
23 semi {17, 18, 22}
19 semi {17, 18, 13}
23 semi {17, 18, 13}
24 semi {13, 17, 18, 19, 23}
 N full {1, 2, 3, 4, 6, 7, 8, 11}
 S semi {16, 18, 20, 21, 22, 23, 13}
 S semi {16, 17, 18, 20, 21, 22, 13}
 S semi {16, 17, 20, 21, 11, 15}

dest 13
 8 full set()
 9 full set()
12 full set()
14 full set()
17 full set()
18 full set()
23 semi {18}
 7 full set()
11 full set()
16 full set()
 4 full {8, 9}
19 full {18, 14}
22 full {17, 18}
 2 semi {7}
 1 semi {2, 6, 7}
10 semi {11}
 5 semi {10, 11, 6}
20 semi {16}
24 semi {18, 19, 23}
24 semi {18, 19, 14}
 3 full {8, 7}
 6 full {11, 7}
15 full {16, 11}
21 full {16, 17}
 N full {2, 3, 4, 7, 8, 9}
 S full {16, 18, 20, 21, 22, 23}
 S full {16, 17, 18, 20, 21, 22}
 1 semi {11, 6, 7}
 5 semi {11, 6, 7}
 0 semi {1, 5, 6, 7, 11}
 N full {1, 2, 3, 4, 6, 7, 8, 11}

dest 14
 9 full set()
13 full set()
18 full set()
19 full set()
 4 semi {9}
12 semi {13}
22 semi {18}
24 semi {19}
 8 full {9, 13}
17 full {18, 13}
23 full {18, 19}
 3 semi {8, 9, 13}
 2 semi {3, 7, 8, 9, 13}
 N semi {3, 4, 8, 9, 13}
 3 semi {8, 9, 4}
 7 semi {13}
11 semi {13}
16 semi {13}
21 semi {17, 18, 13}
20 semi {13, 16, 17, 18, 21}
21 semi {17, 18, 22}
 3 semi {8, 13, 7}
 6 semi {11, 13, 7}
15 semi {16, 11, 13}
21 semi {16, 17, 13}
 S semi {16, 18, 20, 21, 22, 23, 13}
 S semi {16, 17, 18, 20, 21, 22, 13}
 N semi {1, 2, 4, 6, 7, 8, 9, 11, 13}
 N semi {1, 2, 3, 4, 6, 7, 8, 11, 13}

dest 15
10 full set()
11 full set()
16 full set()
20 full set()
 6 full {10, 11}
12 full {16, 11}
21 full {16, 20}
 1 semi {10, 11, 6}
 2 semi {10, 11, 6}
 0 semi {1, 5, 6, 10, 11}
 1 semi {10, 5, 6}
 2 semi {11, 6, 7}
22 semi {16, 17, 21}
22 semi {16, 20, 21}
 7 full {16, 11}
 8 full {16, 11}
13 full {16, 11}
17 full {16, 11}
 6 full {16, 11, 7}
18 full {16, 17, 11, 13}
21 full {16, 17, 11}
 1 semi {16, 11, 6, 7}
 0 semi {16, 1, 5, 6, 7, 11}
 2 semi {16, 11, 7}
 3 semi {16, 11, 7}
 3 semi {16, 8, 11}
 4 semi {16, 8, 11}
 9 semi {16, 8, 11}
 3 semi {8, 11, 7}
 9 semi {8, 11, 13}
 9 semi {16, 11, 13}
14 semi {16, 11, 13}
19 semi {11, 13, 14, 16, 18}
 3 semi {8, 16, 7}
 9 semi {8, 16, 13}
22 semi {16, 17, 11}
23 semi {11, 16, 17, 18, 22}
19 semi {11, 13, 16, 17, 18}
23 semi {11, 13, 16, 17, 18}
24 semi {16, 17, 18, 19, 23, 11, 13}
 N full {1, 2, 3, 4, 6, 7, 8, 11, 16}
 5 full {16, 6, 7, 10, 11}
 S full {16, 17, 20, 21, 11}
 0 semi {16, 5, 6, 7, 10, 11}
23 semi {16, 17, 18, 20, 21, 22, 13}

dest 16
11 full set()
12 full set()
15 full set()
17 full set()
20 full set()
21 full set()
 7 full set()
 8 full set()
13 full set()
10 full {11, 15}
22 full {17, 21}
 S full {20, 21}
 2 semi {7}
 1 semi {2, 6, 7}
 4 semi {8}
 5 semi {10, 11, 15}
 1 semi {5, 6, 10, 11, 15}
 5 semi {10, 11, 6}
14 semi {13}
19 semi {18, 13, 14}
23 semi {17, 18, 22}
23 semi {17, 21, 22}
19 semi {17, 18, 21, 22, 23}
 3 full {8, 7}
 6 full {11, 7}
 9 full {8, 13}
18 full {17, 13}
 1 semi {11, 6, 7}
 5 semi {11, 6, 7}
 0 semi {1, 5, 6, 7, 11}
19 semi {17, 18, 13}
23 semi {17, 18, 13}
24 semi {13, 17, 18, 19, 23}
 N full {1, 2, 3, 4, 6, 7, 8, 11}

dest 17
12 full set()
13 full set()
16 full set()
18 full set()
21 full set()
22 full set()
19 semi {18}
 7 full set()
 8 full set()
11 full set()
14 full {18, 13}
20 full {16, 21}
23 full {18, 22}
 S full {21, 22}
 2 semi {7}
 1 semi {2, 6, 7}
 4 semi {8}
10 semi {11}
 5 semi {10, 11, 6}
24 semi {18, 19, 23}
24 semi {18, 22, 23}
 3 full {8, 7}
 6 full {11, 7}
 9 full {8, 13}
15 full {16, 11}
 1 semi {11, 6, 7}
 5 semi {11, 6, 7}
 0 semi {1, 5, 6, 7, 11}
 N full {1, 2, 3, 4, 6, 7, 8, 11}

dest 18
13 full set()
14 full set()
17 full set()
19 full set()
22 full set()
23 full set()
 9 full {13, 14}
12 full {17, 13}
21 full {17, 22}
24 full {19, 23}
 S full {22, 23}
 4 semi {9, 13, 14}
 4 semi {8, 9, 13}
20 semi {16, 17, 21}
20 semi {17, 21, 22}
 7 full {17, 13}
 8 full {17, 13}
11 full {17, 13}
16 full {17, 13}
 3 full {8, 17, 13, 7}
 6 full {17, 11, 13, 7}
 9 full {8, 17, 13}
15 full {16, 17, 11, 13}
21 full {16, 17, 13}
 1 semi {6, 7, 11, 13, 17}
 5 semi {6, 7, 11, 13, 17}
 2 semi {17, 13, 7}
 1 semi {2, 6, 7, 13, 17}
 4 semi {8, 17, 13}
10 semi {17, 11, 13}
 5 semi {6, 10, 11, 13, 17}
20 semi {16, 17, 13}
 N full {1, 2, 3, 4, 6, 7, 8, 11, 13, 17}

dest 19
14 full set()
18 full set()
23 full set()
24 full set()
17 semi {18}
13 full {18, 14}
22 full {18, 23}
 S full {24, 23}
 8 semi {18, 13, 14}
12 semi {18, 13, 14}
 7 semi {18, 13, 14}
11 semi {18, 13, 14}
16 semi {18, 13, 14}
 4 semi {8, 9, 13, 14, 18}
 8 semi {9, 13, 14}
12 semi {17, 18, 13}
21 semi {17, 18, 22}
21 semi {18, 22, 23}
16 semi {17, 18, 21, 22, 23}
 3 semi {7, 8, 13, 14, 18}
 6 semi {7, 11, 13, 14, 18}
15 semi {11, 13, 14, 16, 18}
 N semi {2, 3, 4, 7, 8, 9, 13, 14, 18}
 7 semi {17, 18, 13}
 8 semi {17, 18, 13}
11 semi {17, 18, 13}
16 semi {17, 18, 13}
 3 semi {7, 8, 13, 17, 18}
 6 semi {7, 11, 13, 17, 18}
15 semi {11, 13, 16, 17, 18}
21 semi {16, 17, 18, 13}
 9 full {17, 18, 8, 13, 14}
 3 semi {17, 18, 4, 8, 9, 13, 14}
 N semi {3, 4, 7, 8, 9, 13, 14, 17, 18}
 N semi {1, 2, 4, 6, 7, 8, 9, 11, 13, 14, 17, 18}
 N semi {1, 2, 3, 4, 6, 7, 8, 11, 13, 14, 18}
 N semi {1, 2, 3, 4, 6, 7, 8, 11, 13, 17, 18}

dest 20
15 full set()
16 full set()
21 full set()
 S full set()
10 semi {15}
12 semi {16}
22 semi {21}
11 full {16, 15}
17 full {16, 21}
 6 semi {16, 11, 15}
 2 semi {6, 7, 11, 15, 16}
 5 semi {6, 10, 11, 15, 16}
 6 semi {10, 11, 15}
 7 semi {16}
 8 semi {16}
13 semi {16}
18 semi {16, 17, 21}
14 semi {13, 16, 17, 18, 21}
23 semi {16, 17, 18, 21, 22}
18 semi {17, 21, 22}
 N semi {2, 3, 4, 6, 7, 8, 11, 15, 16}
 N semi {0, 1, 2, 3, 5, 6, 7, 10, 11, 15, 16}
 N semi {0, 1, 3, 4, 5, 6, 8, 10, 11, 15, 16}
 N semi {1, 2, 3, 4, 6, 8, 11, 15, 16}
 3 semi {8, 16, 7}
 6 semi {16, 11, 7}
 9 semi {8, 16, 13}
18 semi {16, 17, 13}
 N semi {1, 2, 3, 4, 6, 7, 8, 11, 16}

dest 21
16 full set()
17 full set()
20 full set()
22 full set()
 S full set()
12 full {16, 17}
15 full {16, 20}
18 full {17, 22}
10 semi {16, 20, 15}
10 semi {16, 11, 15}
14 semi {17, 18, 13}
14 semi {17, 18, 22}
19 semi {17, 18, 22}
24 semi {17, 18, 19, 22, 23}
19 semi {18, 22, 23}
 7 full {16, 17}
 8 full {16, 17}
11 full {16, 17}
13 full {16, 17}
 6 full {16, 17, 11, 7}
15 full {16, 17, 11}
18 full {16, 17, 13}
 1 semi {6, 7, 11, 16, 17}
 5 semi {6, 7, 11, 16, 17}
 2 semi {16, 17, 7}
 3 semi {16, 17, 7}
 1 semi {2, 6, 7, 16, 17}
 3 semi {16, 17, 8}
 4 semi {16, 17, 8}
 9 semi {16, 17, 8}
10 semi {16, 17, 11}
 5 semi {6, 10, 11, 16, 17}
 9 semi {16, 17, 13}
14 semi {16, 17, 13}
 3 semi {8, 16, 7}
 9 semi {8, 16, 13}
 3 semi {8, 17, 7}
 9 semi {8, 17, 13}
19 semi {16, 17, 18, 13}
24 semi {16, 17, 18, 19, 23, 13}
 N full {1, 2, 3, 4, 6, 7, 8, 11, 16, 17}
23 full {16, 17, 18, 22, 13}
 5 semi {16, 20, 6, 7, 10, 11, 15}
24 semi {16, 17, 18, 22, 23, 13}

dest 22
17 full set()
18 full set()
21 full set()
23 full set()
 S full set()
12 semi {17}
14 semi {18}
20 semi {21}
24 semi {23}
13 full {17, 18}
16 full {17, 21}
19 full {18, 23}
 9 semi {17, 18, 13}
 4 semi {8, 9, 13, 17, 18}
15 semi {16, 17, 21}
10 semi {11, 15, 16, 17, 21}
 7 semi {17}
 8 semi {17}
11 semi {17}
 9 semi {18, 13, 14}
15 semi {16, 20, 21}
 N semi {2, 3, 4, 7, 8, 9, 13, 17, 18}
 3 semi {8, 17, 7}
 6 semi {17, 11, 7}
 9 semi {8, 17, 13}
15 semi {16, 17, 11}
 N semi {1, 2, 3, 4, 6, 7, 8, 11, 17}

dest 23
18 full set()
19 full set()
22 full set()
24 full set()
 S full set()
13 semi {18}
14 full {18, 19}
17 full {18, 22}
 9 semi {18, 19, 14}
 8 semi {9, 13, 14, 18, 19}
12 semi {17, 18, 22}
16 semi {17, 18, 22}
 7 semi {17, 18, 22}
 8 semi {17, 18, 22}
11 semi {17, 18, 22}
20 semi {16, 17, 18, 21, 22}
 9 semi {18, 13, 14}
12 semi {17, 18, 13}
16 semi {17, 21, 22}
 3 semi {7, 8, 17, 18, 22}
 6 semi {7, 11, 17, 18, 22}
15 semi {11, 16, 17, 18, 22}
 7 semi {17, 18, 13}
 8 semi {17, 18, 13}
11 semi {17, 18, 13}
16 semi {17, 18, 13}
 3 semi {7, 8, 13, 17, 18}
 6 semi {7, 11, 13, 17, 18}
 9 semi {8, 17, 18, 13}
15 semi {11, 13, 16, 17, 18}
21 full {16, 17, 18, 22, 13}
 N semi {1, 2, 3, 4, 6, 7, 8, 11, 17, 18, 22}
 N semi {1, 2, 3, 4, 6, 7, 8, 11, 13, 17, 18}
15 semi {16, 17, 18, 20, 21, 22, 13}

dest 24
19 full set()
23 full set()
 S full set()
14 semi {19}
22 semi {23}
18 full {19, 23}
13 semi {18, 19, 23}
17 semi {18, 19, 23}
 9 semi {13, 14, 18, 19, 23}
12 semi {13, 17, 18, 19, 23}
21 semi {17, 18, 19, 22, 23}
13 semi {18, 19, 14}
17 semi {18, 22, 23}
 7 semi {13, 17, 18, 19, 23}
 8 semi {13, 17, 18, 19, 23}
11 semi {13, 17, 18, 19, 23}
16 semi {13, 17, 18, 19, 23}
 9 semi {17, 18, 19, 23, 8, 13}
15 semi {16, 17, 18, 19, 23, 11, 13}
21 semi {16, 17, 18, 19, 23, 13}
 N semi {1, 2, 3, 4, 6, 7, 8, 11, 13, 17, 18, 19, 23}
 9 semi {17, 18, 19, 8, 13, 14}
21 semi {16, 17, 18, 22, 23, 13}

dest N
 0 full set()
 1 full set()
 2 full set()
 3 full set()
 4 full set()
 5 full {0, 1}
 6 full {1, 2}
 7 full {2, 3}
 8 full {3, 4}
14 semi {3, 4, 8, 9, 13}
10 full {0, 1, 2, 3, 5, 6, 7, 11}
11 full {2, 3, 4, 6, 7, 8}
11 full {0, 1, 2, 3, 5, 6, 7, 10}
11 full {0, 1, 3, 4, 5, 6, 8, 10}
11 full {1, 2, 3, 4, 6, 8}
12 full {1, 2, 3, 4, 6, 7, 8, 11}
13 full {2, 3, 4, 7, 8, 9}
20 semi {2, 3, 4, 6, 7, 8, 11, 15, 16}
20 semi {0, 1, 2, 3, 5, 6, 7, 10, 11, 15, 16}
20 semi {0, 1, 3, 4, 5, 6, 8, 10, 11, 15, 16}
20 semi {1, 2, 3, 4, 6, 8, 11, 15, 16}
 S semi {2, 3, 4, 6, 7, 8, 11, 15, 16, 17, 20, 21, 22}
 S semi {0, 1, 2, 3, 5, 6, 7, 10, 11, 15, 16, 17, 20, 21, 22}
 S semi {0, 1, 3, 4, 5, 6, 8, 10, 11, 15, 16, 17, 20, 21, 22}
 S semi {1, 2, 3, 4, 6, 8, 11, 15, 16, 17, 20, 21, 22}
19 semi {2, 3, 4, 7, 8, 9, 13, 14, 18}
22 semi {2, 3, 4, 7, 8, 9, 13, 17, 18}
 S semi {2, 3, 4, 7, 8, 9, 13, 16, 18, 20, 21, 22, 23}
 S semi {2, 3, 4, 7, 8, 9, 13, 16, 17, 18, 20, 21, 22}
13 full {1, 2, 3, 4, 6, 7, 8, 11}
16 full {1, 2, 3, 4, 6, 7, 8, 11}
17 full {1, 2, 3, 4, 6, 7, 8, 11}
15 full {1, 2, 3, 4, 6, 7, 8, 11, 16}
18 full {1, 2, 3, 4, 6, 7, 8, 11, 13, 17}
21 full {1, 2, 3, 4, 6, 7, 8, 11, 16, 17}
 9 full {3, 4, 7, 8, 13}
 9 full {1, 2, 4, 6, 7, 8, 11, 13}
14 semi {1, 2, 4, 6, 7, 8, 9, 11, 13}
19 semi {3, 4, 7, 8, 9, 13, 14, 17, 18}
19 semi {1, 2, 4, 6, 7, 8, 9, 11, 13, 14, 17, 18}
14 semi {1, 2, 3, 4, 6, 7, 8, 11, 13}
19 semi {1, 2, 3, 4, 6, 7, 8, 11, 13, 14, 18}
20 semi {1, 2, 3, 4, 6, 7, 8, 11, 16}
 S semi {1, 2, 3, 4, 6, 7, 8, 11, 16, 20, 21}
22 semi {1, 2, 3, 4, 6, 7, 8, 11, 17}
23 semi {1, 2, 3, 4, 6, 7, 8, 11, 17, 18, 22}
 S semi {1, 2, 3, 4, 6, 7, 8, 11, 17, 21, 22}
19 semi {1, 2, 3, 4, 6, 7, 8, 11, 13, 17, 18}
23 semi {1, 2, 3, 4, 6, 7, 8, 11, 13, 17, 18}
24 semi {1, 2, 3, 4, 6, 7, 8, 11, 13, 17, 18, 19, 23}
 S semi {1, 2, 3, 4, 6, 7, 8, 11, 13, 17, 18, 22, 23}
 S semi {1, 2, 3, 4, 6, 7, 8, 11, 16, 17, 21}

dest S
20 full set()
21 full set()
22 full set()
23 full set()
24 full set()
16 full {20, 21}
17 full {21, 22}
18 full {22, 23}
19 full {24, 23}
10 semi {11, 15, 16, 20, 21}
 9 semi {13, 14, 18, 22, 23}
11 full {16, 17, 20, 21, 22, 15}
13 full {16, 18, 20, 21, 22, 23}
13 full {16, 17, 18, 20, 21, 22}
 6 semi {16, 17, 20, 21, 22, 11, 15}
 2 semi {6, 7, 11, 15, 16, 17, 20, 21, 22}
 5 semi {6, 10, 11, 15, 16, 17, 20, 21, 22}
 N semi {2, 3, 4, 6, 7, 8, 11, 15, 16, 17, 20, 21, 22}
 N semi {0, 1, 2, 3, 5, 6, 7, 10, 11, 15, 16, 17, 20, 21, 22}
 N semi {0, 1, 3, 4, 5, 6, 8, 10, 11, 15, 16, 17, 20, 21, 22}
 N semi {1, 2, 3, 4, 6, 8, 11, 15, 16, 17, 20, 21, 22}
 9 semi {16, 18, 20, 21, 22, 23, 13}
 9 semi {16, 17, 18, 20, 21, 22, 13}
12 semi {16, 18, 20, 21, 22, 23, 13}
12 semi {16, 17, 18, 20, 21, 22, 13}
14 semi {16, 18, 20, 21, 22, 23, 13}
14 semi {16, 17, 18, 20, 21, 22, 13}
 4 semi {8, 9, 13, 16, 18, 20, 21, 22, 23}
 4 semi {8, 9, 13, 16, 17, 18, 20, 21, 22}
 N semi {2, 3, 4, 7, 8, 9, 13, 16, 18, 20, 21, 22, 23}
 N semi {2, 3, 4, 7, 8, 9, 13, 16, 17, 18, 20, 21, 22}
 3 semi {7, 8, 16, 20, 21}
 6 semi {7, 11, 16, 20, 21}
 9 semi {8, 13, 16, 20, 21}
 3 semi {7, 8, 17, 21, 22}
 6 semi {7, 11, 17, 21, 22}
 9 semi {8, 13, 17, 21, 22}
 9 semi {17, 18, 22, 23, 8, 13}
 6 semi {7, 11, 16, 17, 21}
15 full {16, 17, 20, 21, 11}
 6 semi {16, 17, 20, 21, 10, 11, 15}
12 semi {16, 17, 20, 21, 11, 15}
 7 semi {16, 17, 20, 21, 11, 15}
 8 semi {16, 17, 20, 21, 11, 15}
 5 semi {6, 7, 10, 11, 15, 16, 17, 20, 21}
 N semi {1, 2, 3, 4, 6, 7, 8, 11, 16, 20, 21}
 N semi {1, 2, 3, 4, 6, 7, 8, 11, 17, 21, 22}
 N semi {1, 2, 3, 4, 6, 7, 8, 11, 13, 17, 18, 22, 23}
 N semi {1, 2, 3, 4, 6, 7, 8, 11, 16, 17, 21}

 *** black has not yet won
 *** white mustplay: {3}

Time taken: 0.06879687309265137
- - - - - 
 - - - - - 
  - - * - - 
   - - - - - 
    - - - - - 
